[21/07/2015 07:17:13,276] INFO [dao.imp.RegisterImp] [existeRegistro] [] Tiempo:277
[21/07/2015 07:17:13,282] INFO [dao.imp.RegisterImp] [existeRegistro] [] Servicio: http://esb.entel.cl/CLIENTES/GestionDePerfiles/Proxies/ClientePerfilService
[21/07/2015 07:17:13,282] INFO [dao.imp.RegisterImp] [existeRegistro] [] MSISDN: [77467726]
[21/07/2015 07:17:13,282] INFO [dao.imp.RegisterImp] [existeRegistro] [] Respuesta Codigo Servicio: [0000]
[21/07/2015 07:17:13,283] INFO [dao.imp.RegisterImp] [existeRegistro] [] Respuesta Descripcion Servicio: [OK]
[21/07/2015 07:17:13,283] INFO [dao.imp.LoginImp] [validaLogin] [] Inicio validacion numero movil 77467726
[21/07/2015 07:17:13,468] INFO [dao.imp.LoginImp] [validaLogin] [] Tiempo:185
[21/07/2015 07:17:13,468] INFO [dao.imp.LoginImp] [validaLogin] [] Servicio: http://esb.entel.cl/ERP/GestionDeSeguridad/Proxies/ERPSeguridadService
[21/07/2015 07:17:13,469] INFO [dao.imp.LoginImp] [validaLogin] [] codigoRespuesta 0000
[21/07/2015 07:17:13,469] INFO [dao.imp.LoginImp] [validaLogin] [] descripcionRespuesta 257524d1f5d744ef16ea075e2db146a7
[21/07/2015 07:17:13,469] INFO [dao.imp.LoginImp] [validaLogin] [] Verificacion correcta de las credenciales del usuario.
[21/07/2015 07:17:13,469] INFO [dao.imp.LoginImp] [validaLogin] [] Codigo Response Service: 0000
[21/07/2015 07:17:13,470] INFO [dao.imp.LoginImp] [validaLogin] [] Descripcion Response Service: 257524d1f5d744ef16ea075e2db146a7
[21/07/2015 07:17:26,598] INFO [dao.imp.RegisterImp] [existeRegistro] [307157991730568fe6563f7d37db297e] Tiempo:1541
[21/07/2015 07:17:26,599] INFO [dao.imp.RegisterImp] [existeRegistro] [307157991730568fe6563f7d37db297e] Servicio: http://esb.entel.cl/CLIENTES/GestionDePerfiles/Proxies/ClientePerfilService
[21/07/2015 07:17:26,599] INFO [dao.imp.RegisterImp] [existeRegistro] [307157991730568fe6563f7d37db297e] MSISDN: [77467726]
[21/07/2015 07:17:26,599] INFO [dao.imp.RegisterImp] [existeRegistro] [307157991730568fe6563f7d37db297e] Respuesta Codigo Servicio: [0000]
[21/07/2015 07:17:26,600] INFO [dao.imp.RegisterImp] [existeRegistro] [307157991730568fe6563f7d37db297e] Respuesta Descripcion Servicio: [OK]
[21/07/2015 07:17:26,600] INFO [dao.imp.LoginImp] [validaLogin] [307157991730568fe6563f7d37db297e] Inicio validacion numero movil 77467726
[21/07/2015 07:17:26,784] INFO [dao.imp.LoginImp] [validaLogin] [307157991730568fe6563f7d37db297e] Tiempo:184
[21/07/2015 07:17:26,785] INFO [dao.imp.LoginImp] [validaLogin] [307157991730568fe6563f7d37db297e] Servicio: http://esb.entel.cl/ERP/GestionDeSeguridad/Proxies/ERPSeguridadService
[21/07/2015 07:17:26,785] INFO [dao.imp.LoginImp] [validaLogin] [307157991730568fe6563f7d37db297e] codigoRespuesta 0000
[21/07/2015 07:17:26,785] INFO [dao.imp.LoginImp] [validaLogin] [307157991730568fe6563f7d37db297e] descripcionRespuesta 862b531734a61ad7ca27c04136a9e464
[21/07/2015 07:17:26,786] INFO [dao.imp.LoginImp] [validaLogin] [307157991730568fe6563f7d37db297e] Verificacion correcta de las credenciales del usuario.
[21/07/2015 07:17:26,786] INFO [dao.imp.LoginImp] [validaLogin] [307157991730568fe6563f7d37db297e] Codigo Response Service: 0000
[21/07/2015 07:17:26,786] INFO [dao.imp.LoginImp] [validaLogin] [307157991730568fe6563f7d37db297e] Descripcion Response Service: 862b531734a61ad7ca27c04136a9e464
[21/07/2015 07:17:27,300] INFO [dao.imp.MenuImp] [consultarPlanResumenPP] [] Servicio: http://esb.entel.cl/CLIENTES/GestionDePerfiles/Proxies/ClientePerfilService
[21/07/2015 07:17:27,300] INFO [dao.imp.MenuImp] [consultarPlanResumenPP] [] para consultar resumen de prepago
[21/07/2015 07:17:27,675] INFO [dao.imp.MenuImp] [consultarPlanResumenPP] [] Tiempo:375
[21/07/2015 07:17:27,678] INFO [dao.imp.MenuImp] [consultarPlanResumenPP] [] PREPAGO MSISDN: [77467726] | NO TIENE saldo reservado
[21/07/2015 07:17:27,679] INFO [dao.imp.MenuImp] [consultarPlanResumenPP] [] Servicio: http://esb.entel.cl/CLIENTES/GestionDePerfiles/Proxies/ClientePerfilService
[21/07/2015 07:17:27,680] INFO [dao.imp.MenuImp] [consultarPlanResumenPP] [] MSISDN: [77467726]
[21/07/2015 07:17:27,680] INFO [dao.imp.MenuImp] [consultarPlanResumenPP] [] Codigo Response Service: 0000
[21/07/2015 07:17:27,680] INFO [dao.imp.MenuImp] [consultarPlanResumenPP] [] Descripcion Response Service: OK
[21/07/2015 07:17:27,918] INFO [dao.imp.MenuImp] [consultarPlanActualPP] [] Tiempo:238
[21/07/2015 07:17:27,919] INFO [dao.imp.MenuImp] [consultarPlanActualPP] [] Servicio: http://esb.entel.cl/CLIENTES/GestionDePerfiles/Proxies/ClientePerfilService
[21/07/2015 07:17:27,919] INFO [dao.imp.MenuImp] [consultarPlanActualPP] [] MSISDN: [77467726]
[21/07/2015 07:17:27,919] INFO [dao.imp.MenuImp] [consultarPlanActualPP] [] Codigo Response Service: 0000
[21/07/2015 07:17:27,920] INFO [dao.imp.MenuImp] [consultarPlanActualPP] [] Descripcion Response Service: OK
[21/07/2015 07:17:27,920] INFO [dao.imp.MenuImp] [consultarSaldoSecundario] [] se inicia llamada a servicio SaldoBonoExtra (saldo secundario)
[21/07/2015 07:17:28,026] ERROR [appmobile.ws.EntelServices] [getConsSaldoBonoExtraServiceBindingQSService] [] Error al inicializar el Servicio class com.esa.billing.billingcons.t.conssaldobonoextra.ConsSaldoBonoExtraServiceBindingQSService
com.sun.xml.ws.wsdl.parser.InaccessibleWSDLException: 2 counts of InaccessibleWSDLException.

java.io.FileNotFoundException: Response: '404: Not Found' for url: 'http://esb.entel.cl:80/billing/billingcons/consultafacturas/bil_t_px_conssaldobonoextraps'
java.io.FileNotFoundException: Response: '404: Not Found' for url: 'http://esb.entel.cl:80/billing/billingcons/consultafacturas/bil_t_px_conssaldobonoextraps?wsdl'

	at com.sun.xml.ws.wsdl.parser.RuntimeWSDLParser.tryWithMex(RuntimeWSDLParser.java:182)
	at com.sun.xml.ws.wsdl.parser.RuntimeWSDLParser.parse(RuntimeWSDLParser.java:153)
	at com.sun.xml.ws.client.WSServiceDelegate.parseWSDL(WSServiceDelegate.java:284)
	at com.sun.xml.ws.client.WSServiceDelegate.<init>(WSServiceDelegate.java:246)
	at com.sun.xml.ws.client.WSServiceDelegate.<init>(WSServiceDelegate.java:197)
	at com.sun.xml.ws.client.WSServiceDelegate.<init>(WSServiceDelegate.java:187)
	at weblogic.wsee.jaxws.spi.WLSServiceDelegate.<init>(WLSServiceDelegate.java:86)
	at weblogic.wsee.jaxws.spi.WLSProvider$ServiceDelegate.<init>(WLSProvider.java:632)
	at weblogic.wsee.jaxws.spi.WLSProvider.createServiceDelegate(WLSProvider.java:143)
	at weblogic.wsee.jaxws.spi.WLSProvider.createServiceDelegate(WLSProvider.java:117)
	at weblogic.wsee.jaxws.spi.WLSProvider.createServiceDelegate(WLSProvider.java:88)
	at javax.xml.ws.Service.<init>(Service.java:77)
	at com.esa.billing.billingcons.t.conssaldobonoextra.ConsSaldoBonoExtraServiceBindingQSService.<init>(Unknown Source)
	at com.esa.ponline.appmobile.ws.EntelServices.getConsSaldoBonoExtraServiceBindingQSService(EntelServices.java:69)
	at com.esa.ponline.appmobile.ws.dao.imp.MenuImp.consultarSaldoSecundario(MenuImp.java:124)
	at com.esa.ponline.appmobile.web.delegate.DelegateMenu.consultarSaldoSecundario(DelegateMenu.java:33)
	at com.esa.ponline.appmobile.web.actions.MenuAction.detalleResumenPP(MenuAction.java:143)
	at com.esa.ponline.appmobile.web.actions.MenuAction.obtieneSaldoPP(MenuAction.java:88)
	at com.esa.ponline.appmobile.web.actions.MenuAction.execute(MenuAction.java:72)
	at sun.reflect.NativeMethodAccessorImpl.invoke0(Native Method)
	at sun.reflect.NativeMethodAccessorImpl.invoke(NativeMethodAccessorImpl.java:57)
	at sun.reflect.DelegatingMethodAccessorImpl.invoke(DelegatingMethodAccessorImpl.java:43)
	at java.lang.reflect.Method.invoke(Method.java:606)
	at com.opensymphony.xwork2.DefaultActionInvocation.invokeAction(DefaultActionInvocation.java:450)
	at com.opensymphony.xwork2.DefaultActionInvocation.invokeActionOnly(DefaultActionInvocation.java:289)
	at com.opensymphony.xwork2.DefaultActionInvocation.invoke(DefaultActionInvocation.java:252)
	at com.esa.ponline.appmobile.web.interceptor.AuthenticationInterceptor.intercept(AuthenticationInterceptor.java:75)
	at com.opensymphony.xwork2.DefaultActionInvocation.invoke(DefaultActionInvocation.java:246)
	at com.esa.ponline.appmobile.web.interceptor.ResponseHeadersInterceptor.intercept(ResponseHeadersInterceptor.java:40)
	at com.opensymphony.xwork2.DefaultActionInvocation.invoke(DefaultActionInvocation.java:246)
	at org.apache.struts2.interceptor.DeprecationInterceptor.intercept(DeprecationInterceptor.java:41)
	at com.opensymphony.xwork2.DefaultActionInvocation.invoke(DefaultActionInvocation.java:246)
	at org.apache.struts2.interceptor.debugging.DebuggingInterceptor.intercept(DebuggingInterceptor.java:256)
	at com.opensymphony.xwork2.DefaultActionInvocation.invoke(DefaultActionInvocation.java:246)
	at com.opensymphony.xwork2.interceptor.DefaultWorkflowInterceptor.doIntercept(DefaultWorkflowInterceptor.java:167)
	at com.opensymphony.xwork2.interceptor.MethodFilterInterceptor.intercept(MethodFilterInterceptor.java:98)
	at com.opensymphony.xwork2.DefaultActionInvocation.invoke(DefaultActionInvocation.java:246)
	at com.opensymphony.xwork2.validator.ValidationInterceptor.doIntercept(ValidationInterceptor.java:265)
	at org.apache.struts2.interceptor.validation.AnnotationValidationInterceptor.doIntercept(AnnotationValidationInterceptor.java:68)
	at com.opensymphony.xwork2.interceptor.MethodFilterInterceptor.intercept(MethodFilterInterceptor.java:98)
	at com.opensymphony.xwork2.DefaultActionInvocation.invoke(DefaultActionInvocation.java:246)
	at com.opensymphony.xwork2.interceptor.ConversionErrorInterceptor.intercept(ConversionErrorInterceptor.java:138)
	at com.opensymphony.xwork2.DefaultActionInvocation.invoke(DefaultActionInvocation.java:246)
	at com.opensymphony.xwork2.interceptor.ParametersInterceptor.doIntercept(ParametersInterceptor.java:254)
	at com.opensymphony.xwork2.interceptor.MethodFilterInterceptor.intercept(MethodFilterInterceptor.java:98)
	at com.opensymphony.xwork2.DefaultActionInvocation.invoke(DefaultActionInvocation.java:246)
	at com.opensymphony.xwork2.interceptor.ParametersInterceptor.doIntercept(ParametersInterceptor.java:254)
	at com.opensymphony.xwork2.interceptor.MethodFilterInterceptor.intercept(MethodFilterInterceptor.java:98)
	at com.opensymphony.xwork2.DefaultActionInvocation.invoke(DefaultActionInvocation.java:246)
	at com.opensymphony.xwork2.interceptor.StaticParametersInterceptor.intercept(StaticParametersInterceptor.java:191)
	at com.opensymphony.xwork2.DefaultActionInvocation.invoke(DefaultActionInvocation.java:246)
	at org.apache.struts2.interceptor.MultiselectInterceptor.intercept(MultiselectInterceptor.java:73)
	at com.opensymphony.xwork2.DefaultActionInvocation.invoke(DefaultActionInvocation.java:246)
	at org.apache.struts2.interceptor.CheckboxInterceptor.intercept(CheckboxInterceptor.java:91)
	at com.opensymphony.xwork2.DefaultActionInvocation.invoke(DefaultActionInvocation.java:246)
	at org.apache.struts2.interceptor.FileUploadInterceptor.intercept(FileUploadInterceptor.java:252)
	at com.opensymphony.xwork2.DefaultActionInvocation.invoke(DefaultActionInvocation.java:246)
	at com.opensymphony.xwork2.interceptor.ModelDrivenInterceptor.intercept(ModelDrivenInterceptor.java:100)
	at com.opensymphony.xwork2.DefaultActionInvocation.invoke(DefaultActionInvocation.java:246)
	at com.opensymphony.xwork2.interceptor.ScopedModelDrivenInterceptor.intercept(ScopedModelDrivenInterceptor.java:141)
	at com.opensymphony.xwork2.DefaultActionInvocation.invoke(DefaultActionInvocation.java:246)
	at com.opensymphony.xwork2.interceptor.ChainingInterceptor.intercept(ChainingInterceptor.java:145)
	at com.opensymphony.xwork2.DefaultActionInvocation.invoke(DefaultActionInvocation.java:246)
	at com.opensymphony.xwork2.interceptor.PrepareInterceptor.doIntercept(PrepareInterceptor.java:171)
	at com.opensymphony.xwork2.interceptor.MethodFilterInterceptor.intercept(MethodFilterInterceptor.java:98)
	at com.opensymphony.xwork2.DefaultActionInvocation.invoke(DefaultActionInvocation.java:246)
	at com.opensymphony.xwork2.interceptor.I18nInterceptor.intercept(I18nInterceptor.java:139)
	at com.opensymphony.xwork2.DefaultActionInvocation.invoke(DefaultActionInvocation.java:246)
	at org.apache.struts2.interceptor.ServletConfigInterceptor.intercept(ServletConfigInterceptor.java:164)
	at com.opensymphony.xwork2.DefaultActionInvocation.invoke(DefaultActionInvocation.java:246)
	at com.opensymphony.xwork2.interceptor.AliasInterceptor.intercept(AliasInterceptor.java:193)
	at com.opensymphony.xwork2.DefaultActionInvocation.invoke(DefaultActionInvocation.java:246)
	at com.opensymphony.xwork2.interceptor.ExceptionMappingInterceptor.intercept(ExceptionMappingInterceptor.java:189)
	at com.opensymphony.xwork2.DefaultActionInvocation.invoke(DefaultActionInvocation.java:246)
	at org.apache.struts2.impl.StrutsActionProxy.execute(StrutsActionProxy.java:54)
	at org.apache.struts2.dispatcher.Dispatcher.serviceAction(Dispatcher.java:562)
	at org.apache.struts2.dispatcher.ng.ExecuteOperations.executeAction(ExecuteOperations.java:77)
	at org.apache.struts2.dispatcher.ng.filter.StrutsPrepareAndExecuteFilter.doFilter(StrutsPrepareAndExecuteFilter.java:99)
	at weblogic.servlet.internal.FilterChainImpl.doFilter(FilterChainImpl.java:56)
	at weblogic.servlet.internal.WebAppServletContext$ServletInvocationAction.wrapRun(WebAppServletContext.java:3730)
	at weblogic.servlet.internal.WebAppServletContext$ServletInvocationAction.run(WebAppServletContext.java:3696)
	at weblogic.security.acl.internal.AuthenticatedSubject.doAs(AuthenticatedSubject.java:321)
	at weblogic.security.service.SecurityManager.runAs(SecurityManager.java:120)
	at weblogic.servlet.internal.WebAppServletContext.securedExecute(WebAppServletContext.java:2273)
	at weblogic.servlet.internal.WebAppServletContext.execute(WebAppServletContext.java:2179)
	at weblogic.servlet.internal.ServletRequestImpl.run(ServletRequestImpl.java:1490)
	at weblogic.work.ExecuteThread.execute(ExecuteThread.java:256)
	at weblogic.work.ExecuteThread.run(ExecuteThread.java:221)
[21/07/2015 07:17:28,030] ERROR [appmobile.ws.EntelServices] [getConsSaldoBonoExtraServiceBindingQSService] [] No es posible crear la llamada al servicio ConsSaldoBonoExtraServiceBindingQSService: 2 counts of InaccessibleWSDLException.

[21/07/2015 07:17:32,656] INFO [dao.imp.BundleImp] [obtenerSaldoBolsasPP] [] Tiempo:327
[21/07/2015 07:17:32,659] INFO [dao.imp.BundleImp] [obtenerSaldoBolsasPP] [] Se formatea descripcion del saldo para mejor entendimiento del usuario de tipo SEG
[21/07/2015 07:17:32,660] INFO [dao.imp.BundleImp] [obtenerSaldoBolsasPP] [] SMS
[21/07/2015 07:17:32,660] INFO [dao.imp.BundleImp] [obtenerSaldoBolsasPP] [] Se formatea descripcion del saldo para mejor entendimiento del usuario de tipo Seg
[21/07/2015 07:17:32,661] INFO [dao.imp.BundleImp] [obtenerSaldoBolsasPP] [] Se formatea descripcion del saldo para mejor entendimiento del usuario de tipo KB
[21/07/2015 07:17:57,537] INFO [dao.imp.BundleImp] [getAllAvailablePPBundles] [] Instanciando el port interface com.epcs.provision.suscripcion.bolsasppmovil.SCOBPortType
[21/07/2015 07:17:57,537] INFO [dao.imp.BundleImp] [getAllAvailablePPBundles] [] Configurando Datos de la peticion
[21/07/2015 07:17:57,538] INFO [dao.imp.BundleImp] [getAllAvailablePPBundles] [] Invocando servicio
[21/07/2015 07:17:57,686] INFO [dao.imp.BundleImp] [getAllAvailablePPBundles] [] Tiempo:436
[21/07/2015 07:21:20,296] INFO [dao.imp.RegisterImp] [existeRegistro] [] Tiempo:1427
[21/07/2015 07:21:20,298] INFO [dao.imp.RegisterImp] [existeRegistro] [] Servicio: http://esb.entel.cl/CLIENTES/GestionDePerfiles/Proxies/ClientePerfilService
[21/07/2015 07:21:20,298] INFO [dao.imp.RegisterImp] [existeRegistro] [] MSISDN: [77467726]
[21/07/2015 07:21:20,298] INFO [dao.imp.RegisterImp] [existeRegistro] [] Respuesta Codigo Servicio: [0000]
[21/07/2015 07:21:20,299] INFO [dao.imp.RegisterImp] [existeRegistro] [] Respuesta Descripcion Servicio: [OK]
[21/07/2015 07:21:20,301] INFO [dao.imp.LoginImp] [validaLogin] [] Inicio validacion numero movil 77467726
[21/07/2015 07:21:21,530] INFO [dao.imp.LoginImp] [validaLogin] [] Tiempo:1229
[21/07/2015 07:21:21,531] INFO [dao.imp.LoginImp] [validaLogin] [] Servicio: http://esb.entel.cl/ERP/GestionDeSeguridad/Proxies/ERPSeguridadService
[21/07/2015 07:21:21,531] INFO [dao.imp.LoginImp] [validaLogin] [] codigoRespuesta 0000
[21/07/2015 07:21:21,531] INFO [dao.imp.LoginImp] [validaLogin] [] descripcionRespuesta bb6fa2dde62c7800637c5db48f8d11c4
[21/07/2015 07:21:21,532] INFO [dao.imp.LoginImp] [validaLogin] [] Verificacion correcta de las credenciales del usuario.
[21/07/2015 07:21:21,533] INFO [dao.imp.LoginImp] [validaLogin] [] Codigo Response Service: 0000
[21/07/2015 07:21:21,533] INFO [dao.imp.LoginImp] [validaLogin] [] Descripcion Response Service: bb6fa2dde62c7800637c5db48f8d11c4
[21/07/2015 07:21:32,292] INFO [dao.imp.RegisterImp] [existeRegistro] [] Tiempo:257
[21/07/2015 07:21:32,293] INFO [dao.imp.RegisterImp] [existeRegistro] [] Servicio: http://esb.entel.cl/CLIENTES/GestionDePerfiles/Proxies/ClientePerfilService
[21/07/2015 07:21:32,294] INFO [dao.imp.RegisterImp] [existeRegistro] [] MSISDN: [77467726]
[21/07/2015 07:21:32,294] INFO [dao.imp.RegisterImp] [existeRegistro] [] Respuesta Codigo Servicio: [0000]
[21/07/2015 07:21:32,294] INFO [dao.imp.RegisterImp] [existeRegistro] [] Respuesta Descripcion Servicio: [OK]
[21/07/2015 07:21:32,294] INFO [dao.imp.LoginImp] [validaLogin] [] Inicio validacion numero movil 77467726
[21/07/2015 07:21:32,510] INFO [dao.imp.LoginImp] [validaLogin] [] Tiempo:216
[21/07/2015 07:21:32,510] INFO [dao.imp.LoginImp] [validaLogin] [] Servicio: http://esb.entel.cl/ERP/GestionDeSeguridad/Proxies/ERPSeguridadService
[21/07/2015 07:21:32,511] INFO [dao.imp.LoginImp] [validaLogin] [] codigoRespuesta 0000
[21/07/2015 07:21:32,511] INFO [dao.imp.LoginImp] [validaLogin] [] descripcionRespuesta 63f110538c790b7221056a3b9d8432fc
[21/07/2015 07:21:32,511] INFO [dao.imp.LoginImp] [validaLogin] [] Verificacion correcta de las credenciales del usuario.
[21/07/2015 07:21:32,511] INFO [dao.imp.LoginImp] [validaLogin] [] Codigo Response Service: 0000
[21/07/2015 07:21:32,512] INFO [dao.imp.LoginImp] [validaLogin] [] Descripcion Response Service: 63f110538c790b7221056a3b9d8432fc
[21/07/2015 07:21:32,966] INFO [dao.imp.MenuImp] [consultarPlanResumenPP] [] Servicio: http://esb.entel.cl/CLIENTES/GestionDePerfiles/Proxies/ClientePerfilService
[21/07/2015 07:21:32,966] INFO [dao.imp.MenuImp] [consultarPlanResumenPP] [] para consultar resumen de prepago
[21/07/2015 07:21:33,274] INFO [dao.imp.MenuImp] [consultarPlanResumenPP] [] Tiempo:308
[21/07/2015 07:21:33,276] INFO [dao.imp.MenuImp] [consultarPlanResumenPP] [] PREPAGO MSISDN: [77467726] | NO TIENE saldo reservado
[21/07/2015 07:21:33,277] INFO [dao.imp.MenuImp] [consultarPlanResumenPP] [] Servicio: http://esb.entel.cl/CLIENTES/GestionDePerfiles/Proxies/ClientePerfilService
[21/07/2015 07:21:33,277] INFO [dao.imp.MenuImp] [consultarPlanResumenPP] [] MSISDN: [77467726]
[21/07/2015 07:21:33,277] INFO [dao.imp.MenuImp] [consultarPlanResumenPP] [] Codigo Response Service: 0000
[21/07/2015 07:21:33,277] INFO [dao.imp.MenuImp] [consultarPlanResumenPP] [] Descripcion Response Service: OK
[21/07/2015 07:21:33,497] INFO [dao.imp.MenuImp] [consultarPlanActualPP] [] Tiempo:219
[21/07/2015 07:21:33,498] INFO [dao.imp.MenuImp] [consultarPlanActualPP] [] Servicio: http://esb.entel.cl/CLIENTES/GestionDePerfiles/Proxies/ClientePerfilService
[21/07/2015 07:21:33,498] INFO [dao.imp.MenuImp] [consultarPlanActualPP] [] MSISDN: [77467726]
[21/07/2015 07:21:33,498] INFO [dao.imp.MenuImp] [consultarPlanActualPP] [] Codigo Response Service: 0000
[21/07/2015 07:21:33,498] INFO [dao.imp.MenuImp] [consultarPlanActualPP] [] Descripcion Response Service: OK
[21/07/2015 07:21:37,378] INFO [dao.imp.BundleImp] [obtenerSaldoBolsasPP] [] Tiempo:338
[21/07/2015 07:21:37,381] INFO [dao.imp.BundleImp] [obtenerSaldoBolsasPP] [] Se formatea descripcion del saldo para mejor entendimiento del usuario de tipo SEG
[21/07/2015 07:21:37,381] INFO [dao.imp.BundleImp] [obtenerSaldoBolsasPP] [] SMS
[21/07/2015 07:21:37,382] INFO [dao.imp.BundleImp] [obtenerSaldoBolsasPP] [] Se formatea descripcion del saldo para mejor entendimiento del usuario de tipo Seg
[21/07/2015 07:21:37,382] INFO [dao.imp.BundleImp] [obtenerSaldoBolsasPP] [] Se formatea descripcion del saldo para mejor entendimiento del usuario de tipo KB
[21/07/2015 07:21:45,093] INFO [dao.imp.BundleImp] [getAllAvailablePPBundles] [] Instanciando el port interface com.epcs.provision.suscripcion.bolsasppmovil.SCOBPortType
[21/07/2015 07:21:45,094] INFO [dao.imp.BundleImp] [getAllAvailablePPBundles] [] Configurando Datos de la peticion
[21/07/2015 07:21:45,095] INFO [dao.imp.BundleImp] [getAllAvailablePPBundles] [] Invocando servicio
[21/07/2015 07:21:45,243] INFO [dao.imp.BundleImp] [getAllAvailablePPBundles] [] Tiempo:200
[21/07/2015 07:34:18,114] INFO [dao.imp.RegisterImp] [existeRegistro] [] Tiempo:1836
[21/07/2015 07:34:18,117] INFO [dao.imp.RegisterImp] [existeRegistro] [] Servicio: http://esb.entel.cl/CLIENTES/GestionDePerfiles/Proxies/ClientePerfilService
[21/07/2015 07:34:18,117] INFO [dao.imp.RegisterImp] [existeRegistro] [] MSISDN: [77467726]
[21/07/2015 07:34:18,118] INFO [dao.imp.RegisterImp] [existeRegistro] [] Respuesta Codigo Servicio: [0000]
[21/07/2015 07:34:18,118] INFO [dao.imp.RegisterImp] [existeRegistro] [] Respuesta Descripcion Servicio: [OK]
[21/07/2015 07:34:18,122] INFO [dao.imp.LoginImp] [validaLogin] [] Inicio validacion numero movil 77467726
[21/07/2015 07:34:18,322] INFO [dao.imp.LoginImp] [validaLogin] [] Tiempo:200
[21/07/2015 07:34:18,322] INFO [dao.imp.LoginImp] [validaLogin] [] Servicio: http://esb.entel.cl/ERP/GestionDeSeguridad/Proxies/ERPSeguridadService
[21/07/2015 07:34:18,323] INFO [dao.imp.LoginImp] [validaLogin] [] codigoRespuesta 0000
[21/07/2015 07:34:18,323] INFO [dao.imp.LoginImp] [validaLogin] [] descripcionRespuesta 170c88ee4a93d3ba2c1256ddecba4593
[21/07/2015 07:34:18,323] INFO [dao.imp.LoginImp] [validaLogin] [] Verificacion correcta de las credenciales del usuario.
[21/07/2015 07:34:18,324] INFO [dao.imp.LoginImp] [validaLogin] [] Codigo Response Service: 0000
[21/07/2015 07:34:18,325] INFO [dao.imp.LoginImp] [validaLogin] [] Descripcion Response Service: 170c88ee4a93d3ba2c1256ddecba4593
[21/07/2015 07:34:18,819] INFO [dao.imp.MenuImp] [consultarPlanResumenPP] [] Servicio: http://esb.entel.cl/CLIENTES/GestionDePerfiles/Proxies/ClientePerfilService
[21/07/2015 07:34:18,820] INFO [dao.imp.MenuImp] [consultarPlanResumenPP] [] para consultar resumen de prepago
[21/07/2015 07:34:19,209] INFO [dao.imp.MenuImp] [consultarPlanResumenPP] [] Tiempo:390
[21/07/2015 07:34:19,211] INFO [dao.imp.MenuImp] [consultarPlanResumenPP] [] PREPAGO MSISDN: [77467726] | NO TIENE saldo reservado
[21/07/2015 07:34:19,213] INFO [dao.imp.MenuImp] [consultarPlanResumenPP] [] Servicio: http://esb.entel.cl/CLIENTES/GestionDePerfiles/Proxies/ClientePerfilService
[21/07/2015 07:34:19,213] INFO [dao.imp.MenuImp] [consultarPlanResumenPP] [] MSISDN: [77467726]
[21/07/2015 07:34:19,213] INFO [dao.imp.MenuImp] [consultarPlanResumenPP] [] Codigo Response Service: 0000
[21/07/2015 07:34:19,213] INFO [dao.imp.MenuImp] [consultarPlanResumenPP] [] Descripcion Response Service: OK
[21/07/2015 07:34:19,474] INFO [dao.imp.MenuImp] [consultarPlanActualPP] [] Tiempo:260
[21/07/2015 07:34:19,475] INFO [dao.imp.MenuImp] [consultarPlanActualPP] [] Servicio: http://esb.entel.cl/CLIENTES/GestionDePerfiles/Proxies/ClientePerfilService
[21/07/2015 07:34:19,475] INFO [dao.imp.MenuImp] [consultarPlanActualPP] [] MSISDN: [77467726]
[21/07/2015 07:34:19,475] INFO [dao.imp.MenuImp] [consultarPlanActualPP] [] Codigo Response Service: 0000
[21/07/2015 07:34:19,476] INFO [dao.imp.MenuImp] [consultarPlanActualPP] [] Descripcion Response Service: OK
[21/07/2015 07:34:24,095] ERROR [dao.imp.BundleImp] [obtenerSaldoBolsasPP] [07711c8f56936c9bc5d3aec48f814b75] Entrada: Msisdn ->56977467726<- Canal ->null<- 
[21/07/2015 07:34:24,096] ERROR [dao.imp.BundleImp] [obtenerSaldoBolsasPP] [07711c8f56936c9bc5d3aec48f814b75] No es posible listar bolsas activas asociadas a MSISDN [77467726], debido a error.
[21/07/2015 07:34:24,096] ERROR [dao.imp.BundleImp] [obtenerSaldoBolsasPP] [07711c8f56936c9bc5d3aec48f814b75] Tiempo:259
[21/07/2015 07:34:24,100] ERROR [dao.imp.BundleImp] [obtenerSaldoBolsasPP] [07711c8f56936c9bc5d3aec48f814b75] unexpected XML tag. expected: {http://www.epcs.com/Provision/Suscripcion/bolsasppmovil}listarBolsasActivasResponseDocument but found: {http://www.epcs.com/Provision/Suscripcion/bolsaspp}listarBolsasActivasServiceFaultDocument
[21/07/2015 07:34:26,194] INFO [dao.imp.BundleImp] [getAllAvailablePPBundles] [] Instanciando el port interface com.epcs.provision.suscripcion.bolsasppmovil.SCOBPortType
[21/07/2015 07:34:26,196] INFO [dao.imp.BundleImp] [getAllAvailablePPBundles] [] Configurando Datos de la peticion
[21/07/2015 07:34:26,196] INFO [dao.imp.BundleImp] [getAllAvailablePPBundles] [] Invocando servicio
[21/07/2015 07:34:26,221] ERROR [dao.imp.BundleImp] [getAllAvailablePPBundles] [] Entrada: Msisdn ->56977467726<- Canal ->null<- 
[21/07/2015 07:34:26,223] ERROR [dao.imp.BundleImp] [getAllAvailablePPBundles] [] Exception caught on Service invocation: listarBolsasDisponiblesBAMRequestDocument
com.sun.xml.ws.streaming.XMLStreamReaderException: unexpected XML tag. expected: {http://www.epcs.com/Provision/Suscripcion/bolsasppmovil}listarBolsasResponseDocument but found: {http://www.epcs.com/Provision/Suscripcion/bolsaspp}listarBolsasServiceFaultDocument
	at com.sun.xml.ws.streaming.XMLStreamReaderUtil.verifyTag(XMLStreamReaderUtil.java:214)
	at com.sun.xml.ws.streaming.XMLStreamReaderUtil.verifyTag(XMLStreamReaderUtil.java:222)
	at com.sun.xml.ws.client.sei.ResponseBuilder$DocLit.readResponse(ResponseBuilder.java:531)
	at com.sun.xml.ws.client.sei.SyncMethodHandler.invoke(SyncMethodHandler.java:127)
	at com.sun.xml.ws.client.sei.SyncMethodHandler.invoke(SyncMethodHandler.java:95)
	at com.sun.xml.ws.client.sei.SEIStub.invoke(SEIStub.java:136)
	at com.sun.proxy.$Proxy147.listarBolsasRequestDocument(Unknown Source)
	at sun.reflect.NativeMethodAccessorImpl.invoke0(Native Method)
	at sun.reflect.NativeMethodAccessorImpl.invoke(NativeMethodAccessorImpl.java:57)
	at sun.reflect.DelegatingMethodAccessorImpl.invoke(DelegatingMethodAccessorImpl.java:43)
	at java.lang.reflect.Method.invoke(Method.java:606)
	at weblogic.wsee.jaxws.spi.ClientInstanceInvocationHandler.invoke(ClientInstanceInvocationHandler.java:84)
	at com.sun.proxy.$Proxy144.listarBolsasRequestDocument(Unknown Source)
	at com.esa.ponline.appmobile.ws.dao.imp.BundleImp.getAllAvailablePPBundles(BundleImp.java:578)
	at com.esa.ponline.appmobile.web.delegate.cache.CacheAvailableBundleBAMCCPP.load(CacheAvailableBundleBAMCCPP.java:22)
	at com.esa.ponline.appmobile.web.delegate.cache.CacheAvailableBundleBAMCCPP.load(CacheAvailableBundleBAMCCPP.java:1)
	at com.google.common.cache.LocalCache$LoadingValueReference.loadFuture(LocalCache.java:3524)
	at com.google.common.cache.LocalCache$Segment.loadSync(LocalCache.java:2317)
	at com.google.common.cache.LocalCache$Segment.lockedGetOrLoad(LocalCache.java:2280)
	at com.google.common.cache.LocalCache$Segment.get(LocalCache.java:2195)
	at com.google.common.cache.LocalCache.get(LocalCache.java:3934)
	at com.google.common.cache.LocalCache.getOrLoad(LocalCache.java:3938)
	at com.google.common.cache.LocalCache$LocalLoadingCache.get(LocalCache.java:4821)
	at com.esa.ponline.appmobile.web.delegate.DelegateBundle.getAllAvailablePPBundles(DelegateBundle.java:49)
	at com.esa.ponline.appmobile.web.actions.BundleAction.getAllAvailableUserPPPBundles(BundleAction.java:688)
	at com.esa.ponline.appmobile.web.actions.BundleAction.setAllAvailableUserPPPBundles(BundleAction.java:675)
	at com.esa.ponline.appmobile.web.actions.BundleAction.loadAvailableUserBundle(BundleAction.java:153)
	at sun.reflect.NativeMethodAccessorImpl.invoke0(Native Method)
	at sun.reflect.NativeMethodAccessorImpl.invoke(NativeMethodAccessorImpl.java:57)
	at sun.reflect.DelegatingMethodAccessorImpl.invoke(DelegatingMethodAccessorImpl.java:43)
	at java.lang.reflect.Method.invoke(Method.java:606)
	at com.opensymphony.xwork2.DefaultActionInvocation.invokeAction(DefaultActionInvocation.java:450)
	at com.opensymphony.xwork2.DefaultActionInvocation.invokeActionOnly(DefaultActionInvocation.java:289)
	at com.opensymphony.xwork2.DefaultActionInvocation.invoke(DefaultActionInvocation.java:252)
	at com.esa.ponline.appmobile.web.interceptor.AuthenticationInterceptor.intercept(AuthenticationInterceptor.java:75)
	at com.opensymphony.xwork2.DefaultActionInvocation.invoke(DefaultActionInvocation.java:246)
	at com.esa.ponline.appmobile.web.interceptor.ResponseHeadersInterceptor.intercept(ResponseHeadersInterceptor.java:40)
	at com.opensymphony.xwork2.DefaultActionInvocation.invoke(DefaultActionInvocation.java:246)
	at org.apache.struts2.interceptor.DeprecationInterceptor.intercept(DeprecationInterceptor.java:41)
	at com.opensymphony.xwork2.DefaultActionInvocation.invoke(DefaultActionInvocation.java:246)
	at org.apache.struts2.interceptor.debugging.DebuggingInterceptor.intercept(DebuggingInterceptor.java:256)
	at com.opensymphony.xwork2.DefaultActionInvocation.invoke(DefaultActionInvocation.java:246)
	at com.opensymphony.xwork2.interceptor.DefaultWorkflowInterceptor.doIntercept(DefaultWorkflowInterceptor.java:167)
	at com.opensymphony.xwork2.interceptor.MethodFilterInterceptor.intercept(MethodFilterInterceptor.java:98)
	at com.opensymphony.xwork2.DefaultActionInvocation.invoke(DefaultActionInvocation.java:246)
	at com.opensymphony.xwork2.validator.ValidationInterceptor.doIntercept(ValidationInterceptor.java:265)
	at org.apache.struts2.interceptor.validation.AnnotationValidationInterceptor.doIntercept(AnnotationValidationInterceptor.java:68)
	at com.opensymphony.xwork2.interceptor.MethodFilterInterceptor.intercept(MethodFilterInterceptor.java:98)
	at com.opensymphony.xwork2.DefaultActionInvocation.invoke(DefaultActionInvocation.java:246)
	at com.opensymphony.xwork2.interceptor.ConversionErrorInterceptor.intercept(ConversionErrorInterceptor.java:138)
	at com.opensymphony.xwork2.DefaultActionInvocation.invoke(DefaultActionInvocation.java:246)
	at com.opensymphony.xwork2.interceptor.ParametersInterceptor.doIntercept(ParametersInterceptor.java:254)
	at com.opensymphony.xwork2.interceptor.MethodFilterInterceptor.intercept(MethodFilterInterceptor.java:98)
	at com.opensymphony.xwork2.DefaultActionInvocation.invoke(DefaultActionInvocation.java:246)
	at com.opensymphony.xwork2.interceptor.ParametersInterceptor.doIntercept(ParametersInterceptor.java:254)
	at com.opensymphony.xwork2.interceptor.MethodFilterInterceptor.intercept(MethodFilterInterceptor.java:98)
	at com.opensymphony.xwork2.DefaultActionInvocation.invoke(DefaultActionInvocation.java:246)
	at com.opensymphony.xwork2.interceptor.StaticParametersInterceptor.intercept(StaticParametersInterceptor.java:191)
	at com.opensymphony.xwork2.DefaultActionInvocation.invoke(DefaultActionInvocation.java:246)
	at org.apache.struts2.interceptor.MultiselectInterceptor.intercept(MultiselectInterceptor.java:73)
	at com.opensymphony.xwork2.DefaultActionInvocation.invoke(DefaultActionInvocation.java:246)
	at org.apache.struts2.interceptor.CheckboxInterceptor.intercept(CheckboxInterceptor.java:91)
	at com.opensymphony.xwork2.DefaultActionInvocation.invoke(DefaultActionInvocation.java:246)
	at org.apache.struts2.interceptor.FileUploadInterceptor.intercept(FileUploadInterceptor.java:252)
	at com.opensymphony.xwork2.DefaultActionInvocation.invoke(DefaultActionInvocation.java:246)
	at com.opensymphony.xwork2.interceptor.ModelDrivenInterceptor.intercept(ModelDrivenInterceptor.java:100)
	at com.opensymphony.xwork2.DefaultActionInvocation.invoke(DefaultActionInvocation.java:246)
	at com.opensymphony.xwork2.interceptor.ScopedModelDrivenInterceptor.intercept(ScopedModelDrivenInterceptor.java:141)
	at com.opensymphony.xwork2.DefaultActionInvocation.invoke(DefaultActionInvocation.java:246)
	at com.opensymphony.xwork2.interceptor.ChainingInterceptor.intercept(ChainingInterceptor.java:145)
	at com.opensymphony.xwork2.DefaultActionInvocation.invoke(DefaultActionInvocation.java:246)
	at com.opensymphony.xwork2.interceptor.PrepareInterceptor.doIntercept(PrepareInterceptor.java:171)
	at com.opensymphony.xwork2.interceptor.MethodFilterInterceptor.intercept(MethodFilterInterceptor.java:98)
	at com.opensymphony.xwork2.DefaultActionInvocation.invoke(DefaultActionInvocation.java:246)
	at com.opensymphony.xwork2.interceptor.I18nInterceptor.intercept(I18nInterceptor.java:139)
	at com.opensymphony.xwork2.DefaultActionInvocation.invoke(DefaultActionInvocation.java:246)
	at org.apache.struts2.interceptor.ServletConfigInterceptor.intercept(ServletConfigInterceptor.java:164)
	at com.opensymphony.xwork2.DefaultActionInvocation.invoke(DefaultActionInvocation.java:246)
	at com.opensymphony.xwork2.interceptor.AliasInterceptor.intercept(AliasInterceptor.java:193)
	at com.opensymphony.xwork2.DefaultActionInvocation.invoke(DefaultActionInvocation.java:246)
	at com.opensymphony.xwork2.interceptor.ExceptionMappingInterceptor.intercept(ExceptionMappingInterceptor.java:189)
	at com.opensymphony.xwork2.DefaultActionInvocation.invoke(DefaultActionInvocation.java:246)
	at org.apache.struts2.impl.StrutsActionProxy.execute(StrutsActionProxy.java:54)
	at org.apache.struts2.dispatcher.Dispatcher.serviceAction(Dispatcher.java:562)
	at org.apache.struts2.dispatcher.ng.ExecuteOperations.executeAction(ExecuteOperations.java:77)
	at org.apache.struts2.dispatcher.ng.filter.StrutsPrepareAndExecuteFilter.doFilter(StrutsPrepareAndExecuteFilter.java:99)
	at weblogic.servlet.internal.FilterChainImpl.doFilter(FilterChainImpl.java:56)
	at weblogic.servlet.internal.WebAppServletContext$ServletInvocationAction.wrapRun(WebAppServletContext.java:3730)
	at weblogic.servlet.internal.WebAppServletContext$ServletInvocationAction.run(WebAppServletContext.java:3696)
	at weblogic.security.acl.internal.AuthenticatedSubject.doAs(AuthenticatedSubject.java:321)
	at weblogic.security.service.SecurityManager.runAs(SecurityManager.java:120)
	at weblogic.servlet.internal.WebAppServletContext.securedExecute(WebAppServletContext.java:2273)
	at weblogic.servlet.internal.WebAppServletContext.execute(WebAppServletContext.java:2179)
	at weblogic.servlet.internal.ServletRequestImpl.run(ServletRequestImpl.java:1490)
	at weblogic.work.ExecuteThread.execute(ExecuteThread.java:256)
	at weblogic.work.ExecuteThread.run(ExecuteThread.java:221)
[21/07/2015 07:34:26,228] ERROR [dao.imp.BundleImp] [getAllAvailablePPBundles] [] Tiempo:159
[21/07/2015 07:34:27,678] INFO [dao.imp.BundleImp] [getAllAvailablePPBundles] [] Instanciando el port interface com.epcs.provision.suscripcion.bolsasppmovil.SCOBPortType
[21/07/2015 07:34:27,678] INFO [dao.imp.BundleImp] [getAllAvailablePPBundles] [] Configurando Datos de la peticion
[21/07/2015 07:34:27,679] INFO [dao.imp.BundleImp] [getAllAvailablePPBundles] [] Invocando servicio
[21/07/2015 07:34:27,703] ERROR [dao.imp.BundleImp] [getAllAvailablePPBundles] [] Entrada: Msisdn ->56977467726<- Canal ->null<- 
[21/07/2015 07:34:27,704] ERROR [dao.imp.BundleImp] [getAllAvailablePPBundles] [] Exception caught on Service invocation: listarBolsasDisponiblesBAMRequestDocument
com.sun.xml.ws.streaming.XMLStreamReaderException: unexpected XML tag. expected: {http://www.epcs.com/Provision/Suscripcion/bolsasppmovil}listarBolsasResponseDocument but found: {http://www.epcs.com/Provision/Suscripcion/bolsaspp}listarBolsasServiceFaultDocument
	at com.sun.xml.ws.streaming.XMLStreamReaderUtil.verifyTag(XMLStreamReaderUtil.java:214)
	at com.sun.xml.ws.streaming.XMLStreamReaderUtil.verifyTag(XMLStreamReaderUtil.java:222)
	at com.sun.xml.ws.client.sei.ResponseBuilder$DocLit.readResponse(ResponseBuilder.java:531)
	at com.sun.xml.ws.client.sei.SyncMethodHandler.invoke(SyncMethodHandler.java:127)
	at com.sun.xml.ws.client.sei.SyncMethodHandler.invoke(SyncMethodHandler.java:95)
	at com.sun.xml.ws.client.sei.SEIStub.invoke(SEIStub.java:136)
	at com.sun.proxy.$Proxy148.listarBolsasRequestDocument(Unknown Source)
	at sun.reflect.NativeMethodAccessorImpl.invoke0(Native Method)
	at sun.reflect.NativeMethodAccessorImpl.invoke(NativeMethodAccessorImpl.java:57)
	at sun.reflect.DelegatingMethodAccessorImpl.invoke(DelegatingMethodAccessorImpl.java:43)
	at java.lang.reflect.Method.invoke(Method.java:606)
	at weblogic.wsee.jaxws.spi.ClientInstanceInvocationHandler.invoke(ClientInstanceInvocationHandler.java:84)
	at com.sun.proxy.$Proxy144.listarBolsasRequestDocument(Unknown Source)
	at com.esa.ponline.appmobile.ws.dao.imp.BundleImp.getAllAvailablePPBundles(BundleImp.java:578)
	at com.esa.ponline.appmobile.web.delegate.cache.CacheAvailableBundleBAMCCPP.load(CacheAvailableBundleBAMCCPP.java:22)
	at com.esa.ponline.appmobile.web.delegate.cache.CacheAvailableBundleBAMCCPP.load(CacheAvailableBundleBAMCCPP.java:1)
	at com.google.common.cache.LocalCache$LoadingValueReference.loadFuture(LocalCache.java:3524)
	at com.google.common.cache.LocalCache$Segment.loadSync(LocalCache.java:2317)
	at com.google.common.cache.LocalCache$Segment.lockedGetOrLoad(LocalCache.java:2280)
	at com.google.common.cache.LocalCache$Segment.get(LocalCache.java:2195)
	at com.google.common.cache.LocalCache.get(LocalCache.java:3934)
	at com.google.common.cache.LocalCache.getOrLoad(LocalCache.java:3938)
	at com.google.common.cache.LocalCache$LocalLoadingCache.get(LocalCache.java:4821)
	at com.esa.ponline.appmobile.web.delegate.DelegateBundle.getAllAvailablePPBundles(DelegateBundle.java:49)
	at com.esa.ponline.appmobile.web.actions.BundleAction.getAllAvailableUserPPPBundles(BundleAction.java:688)
	at com.esa.ponline.appmobile.web.actions.BundleAction.loadUserPlusBundle(BundleAction.java:838)
	at sun.reflect.NativeMethodAccessorImpl.invoke0(Native Method)
	at sun.reflect.NativeMethodAccessorImpl.invoke(NativeMethodAccessorImpl.java:57)
	at sun.reflect.DelegatingMethodAccessorImpl.invoke(DelegatingMethodAccessorImpl.java:43)
	at java.lang.reflect.Method.invoke(Method.java:606)
	at com.opensymphony.xwork2.DefaultActionInvocation.invokeAction(DefaultActionInvocation.java:450)
	at com.opensymphony.xwork2.DefaultActionInvocation.invokeActionOnly(DefaultActionInvocation.java:289)
	at com.opensymphony.xwork2.DefaultActionInvocation.invoke(DefaultActionInvocation.java:252)
	at com.esa.ponline.appmobile.web.interceptor.AuthenticationInterceptor.intercept(AuthenticationInterceptor.java:75)
	at com.opensymphony.xwork2.DefaultActionInvocation.invoke(DefaultActionInvocation.java:246)
	at com.esa.ponline.appmobile.web.interceptor.ResponseHeadersInterceptor.intercept(ResponseHeadersInterceptor.java:40)
	at com.opensymphony.xwork2.DefaultActionInvocation.invoke(DefaultActionInvocation.java:246)
	at org.apache.struts2.interceptor.DeprecationInterceptor.intercept(DeprecationInterceptor.java:41)
	at com.opensymphony.xwork2.DefaultActionInvocation.invoke(DefaultActionInvocation.java:246)
	at org.apache.struts2.interceptor.debugging.DebuggingInterceptor.intercept(DebuggingInterceptor.java:256)
	at com.opensymphony.xwork2.DefaultActionInvocation.invoke(DefaultActionInvocation.java:246)
	at com.opensymphony.xwork2.interceptor.DefaultWorkflowInterceptor.doIntercept(DefaultWorkflowInterceptor.java:167)
	at com.opensymphony.xwork2.interceptor.MethodFilterInterceptor.intercept(MethodFilterInterceptor.java:98)
	at com.opensymphony.xwork2.DefaultActionInvocation.invoke(DefaultActionInvocation.java:246)
	at com.opensymphony.xwork2.validator.ValidationInterceptor.doIntercept(ValidationInterceptor.java:265)
	at org.apache.struts2.interceptor.validation.AnnotationValidationInterceptor.doIntercept(AnnotationValidationInterceptor.java:68)
	at com.opensymphony.xwork2.interceptor.MethodFilterInterceptor.intercept(MethodFilterInterceptor.java:98)
	at com.opensymphony.xwork2.DefaultActionInvocation.invoke(DefaultActionInvocation.java:246)
	at com.opensymphony.xwork2.interceptor.ConversionErrorInterceptor.intercept(ConversionErrorInterceptor.java:138)
	at com.opensymphony.xwork2.DefaultActionInvocation.invoke(DefaultActionInvocation.java:246)
	at com.opensymphony.xwork2.interceptor.ParametersInterceptor.doIntercept(ParametersInterceptor.java:254)
	at com.opensymphony.xwork2.interceptor.MethodFilterInterceptor.intercept(MethodFilterInterceptor.java:98)
	at com.opensymphony.xwork2.DefaultActionInvocation.invoke(DefaultActionInvocation.java:246)
	at com.opensymphony.xwork2.interceptor.ParametersInterceptor.doIntercept(ParametersInterceptor.java:254)
	at com.opensymphony.xwork2.interceptor.MethodFilterInterceptor.intercept(MethodFilterInterceptor.java:98)
	at com.opensymphony.xwork2.DefaultActionInvocation.invoke(DefaultActionInvocation.java:246)
	at com.opensymphony.xwork2.interceptor.StaticParametersInterceptor.intercept(StaticParametersInterceptor.java:191)
	at com.opensymphony.xwork2.DefaultActionInvocation.invoke(DefaultActionInvocation.java:246)
	at org.apache.struts2.interceptor.MultiselectInterceptor.intercept(MultiselectInterceptor.java:73)
	at com.opensymphony.xwork2.DefaultActionInvocation.invoke(DefaultActionInvocation.java:246)
	at org.apache.struts2.interceptor.CheckboxInterceptor.intercept(CheckboxInterceptor.java:91)
	at com.opensymphony.xwork2.DefaultActionInvocation.invoke(DefaultActionInvocation.java:246)
	at org.apache.struts2.interceptor.FileUploadInterceptor.intercept(FileUploadInterceptor.java:252)
	at com.opensymphony.xwork2.DefaultActionInvocation.invoke(DefaultActionInvocation.java:246)
	at com.opensymphony.xwork2.interceptor.ModelDrivenInterceptor.intercept(ModelDrivenInterceptor.java:100)
	at com.opensymphony.xwork2.DefaultActionInvocation.invoke(DefaultActionInvocation.java:246)
	at com.opensymphony.xwork2.interceptor.ScopedModelDrivenInterceptor.intercept(ScopedModelDrivenInterceptor.java:141)
	at com.opensymphony.xwork2.DefaultActionInvocation.invoke(DefaultActionInvocation.java:246)
	at com.opensymphony.xwork2.interceptor.ChainingInterceptor.intercept(ChainingInterceptor.java:145)
	at com.opensymphony.xwork2.DefaultActionInvocation.invoke(DefaultActionInvocation.java:246)
	at com.opensymphony.xwork2.interceptor.PrepareInterceptor.doIntercept(PrepareInterceptor.java:171)
	at com.opensymphony.xwork2.interceptor.MethodFilterInterceptor.intercept(MethodFilterInterceptor.java:98)
	at com.opensymphony.xwork2.DefaultActionInvocation.invoke(DefaultActionInvocation.java:246)
	at com.opensymphony.xwork2.interceptor.I18nInterceptor.intercept(I18nInterceptor.java:139)
	at com.opensymphony.xwork2.DefaultActionInvocation.invoke(DefaultActionInvocation.java:246)
	at org.apache.struts2.interceptor.ServletConfigInterceptor.intercept(ServletConfigInterceptor.java:164)
	at com.opensymphony.xwork2.DefaultActionInvocation.invoke(DefaultActionInvocation.java:246)
	at com.opensymphony.xwork2.interceptor.AliasInterceptor.intercept(AliasInterceptor.java:193)
	at com.opensymphony.xwork2.DefaultActionInvocation.invoke(DefaultActionInvocation.java:246)
	at com.opensymphony.xwork2.interceptor.ExceptionMappingInterceptor.intercept(ExceptionMappingInterceptor.java:189)
	at com.opensymphony.xwork2.DefaultActionInvocation.invoke(DefaultActionInvocation.java:246)
	at org.apache.struts2.impl.StrutsActionProxy.execute(StrutsActionProxy.java:54)
	at org.apache.struts2.dispatcher.Dispatcher.serviceAction(Dispatcher.java:562)
	at org.apache.struts2.dispatcher.ng.ExecuteOperations.executeAction(ExecuteOperations.java:77)
	at org.apache.struts2.dispatcher.ng.filter.StrutsPrepareAndExecuteFilter.doFilter(StrutsPrepareAndExecuteFilter.java:99)
	at weblogic.servlet.internal.FilterChainImpl.doFilter(FilterChainImpl.java:56)
	at weblogic.servlet.internal.WebAppServletContext$ServletInvocationAction.wrapRun(WebAppServletContext.java:3730)
	at weblogic.servlet.internal.WebAppServletContext$ServletInvocationAction.run(WebAppServletContext.java:3696)
	at weblogic.security.acl.internal.AuthenticatedSubject.doAs(AuthenticatedSubject.java:321)
	at weblogic.security.service.SecurityManager.runAs(SecurityManager.java:120)
	at weblogic.servlet.internal.WebAppServletContext.securedExecute(WebAppServletContext.java:2273)
	at weblogic.servlet.internal.WebAppServletContext.execute(WebAppServletContext.java:2179)
	at weblogic.servlet.internal.ServletRequestImpl.run(ServletRequestImpl.java:1490)
	at weblogic.work.ExecuteThread.execute(ExecuteThread.java:256)
	at weblogic.work.ExecuteThread.run(ExecuteThread.java:221)
[21/07/2015 07:34:27,705] ERROR [dao.imp.BundleImp] [getAllAvailablePPBundles] [] Tiempo:98
[21/07/2015 07:34:31,874] INFO [dao.imp.BundleImp] [getAllAvailablePPBundles] [] Instanciando el port interface com.epcs.provision.suscripcion.bolsasppmovil.SCOBPortType
[21/07/2015 07:34:31,875] INFO [dao.imp.BundleImp] [getAllAvailablePPBundles] [] Configurando Datos de la peticion
[21/07/2015 07:34:31,875] INFO [dao.imp.BundleImp] [getAllAvailablePPBundles] [] Invocando servicio
[21/07/2015 07:34:31,901] ERROR [dao.imp.BundleImp] [getAllAvailablePPBundles] [] Entrada: Msisdn ->56977467726<- Canal ->null<- 
[21/07/2015 07:34:31,901] ERROR [dao.imp.BundleImp] [getAllAvailablePPBundles] [] Exception caught on Service invocation: listarBolsasDisponiblesBAMRequestDocument
com.sun.xml.ws.streaming.XMLStreamReaderException: unexpected XML tag. expected: {http://www.epcs.com/Provision/Suscripcion/bolsasppmovil}listarBolsasResponseDocument but found: {http://www.epcs.com/Provision/Suscripcion/bolsaspp}listarBolsasServiceFaultDocument
	at com.sun.xml.ws.streaming.XMLStreamReaderUtil.verifyTag(XMLStreamReaderUtil.java:214)
	at com.sun.xml.ws.streaming.XMLStreamReaderUtil.verifyTag(XMLStreamReaderUtil.java:222)
	at com.sun.xml.ws.client.sei.ResponseBuilder$DocLit.readResponse(ResponseBuilder.java:531)
	at com.sun.xml.ws.client.sei.SyncMethodHandler.invoke(SyncMethodHandler.java:127)
	at com.sun.xml.ws.client.sei.SyncMethodHandler.invoke(SyncMethodHandler.java:95)
	at com.sun.xml.ws.client.sei.SEIStub.invoke(SEIStub.java:136)
	at com.sun.proxy.$Proxy149.listarBolsasRequestDocument(Unknown Source)
	at sun.reflect.NativeMethodAccessorImpl.invoke0(Native Method)
	at sun.reflect.NativeMethodAccessorImpl.invoke(NativeMethodAccessorImpl.java:57)
	at sun.reflect.DelegatingMethodAccessorImpl.invoke(DelegatingMethodAccessorImpl.java:43)
	at java.lang.reflect.Method.invoke(Method.java:606)
	at weblogic.wsee.jaxws.spi.ClientInstanceInvocationHandler.invoke(ClientInstanceInvocationHandler.java:84)
	at com.sun.proxy.$Proxy144.listarBolsasRequestDocument(Unknown Source)
	at com.esa.ponline.appmobile.ws.dao.imp.BundleImp.getAllAvailablePPBundles(BundleImp.java:578)
	at com.esa.ponline.appmobile.web.delegate.cache.CacheAvailableBundleBAMCCPP.load(CacheAvailableBundleBAMCCPP.java:22)
	at com.esa.ponline.appmobile.web.delegate.cache.CacheAvailableBundleBAMCCPP.load(CacheAvailableBundleBAMCCPP.java:1)
	at com.google.common.cache.LocalCache$LoadingValueReference.loadFuture(LocalCache.java:3524)
	at com.google.common.cache.LocalCache$Segment.loadSync(LocalCache.java:2317)
	at com.google.common.cache.LocalCache$Segment.lockedGetOrLoad(LocalCache.java:2280)
	at com.google.common.cache.LocalCache$Segment.get(LocalCache.java:2195)
	at com.google.common.cache.LocalCache.get(LocalCache.java:3934)
	at com.google.common.cache.LocalCache.getOrLoad(LocalCache.java:3938)
	at com.google.common.cache.LocalCache$LocalLoadingCache.get(LocalCache.java:4821)
	at com.esa.ponline.appmobile.web.delegate.DelegateBundle.getAllAvailablePPBundles(DelegateBundle.java:49)
	at com.esa.ponline.appmobile.web.actions.BundleAction.getAllAvailableUserPPPBundles(BundleAction.java:688)
	at com.esa.ponline.appmobile.web.actions.BundleAction.loadUserVoiceBundle(BundleAction.java:715)
	at sun.reflect.NativeMethodAccessorImpl.invoke0(Native Method)
	at sun.reflect.NativeMethodAccessorImpl.invoke(NativeMethodAccessorImpl.java:57)
	at sun.reflect.DelegatingMethodAccessorImpl.invoke(DelegatingMethodAccessorImpl.java:43)
	at java.lang.reflect.Method.invoke(Method.java:606)
	at com.opensymphony.xwork2.DefaultActionInvocation.invokeAction(DefaultActionInvocation.java:450)
	at com.opensymphony.xwork2.DefaultActionInvocation.invokeActionOnly(DefaultActionInvocation.java:289)
	at com.opensymphony.xwork2.DefaultActionInvocation.invoke(DefaultActionInvocation.java:252)
	at com.esa.ponline.appmobile.web.interceptor.AuthenticationInterceptor.intercept(AuthenticationInterceptor.java:75)
	at com.opensymphony.xwork2.DefaultActionInvocation.invoke(DefaultActionInvocation.java:246)
	at com.esa.ponline.appmobile.web.interceptor.ResponseHeadersInterceptor.intercept(ResponseHeadersInterceptor.java:40)
	at com.opensymphony.xwork2.DefaultActionInvocation.invoke(DefaultActionInvocation.java:246)
	at org.apache.struts2.interceptor.DeprecationInterceptor.intercept(DeprecationInterceptor.java:41)
	at com.opensymphony.xwork2.DefaultActionInvocation.invoke(DefaultActionInvocation.java:246)
	at org.apache.struts2.interceptor.debugging.DebuggingInterceptor.intercept(DebuggingInterceptor.java:256)
	at com.opensymphony.xwork2.DefaultActionInvocation.invoke(DefaultActionInvocation.java:246)
	at com.opensymphony.xwork2.interceptor.DefaultWorkflowInterceptor.doIntercept(DefaultWorkflowInterceptor.java:167)
	at com.opensymphony.xwork2.interceptor.MethodFilterInterceptor.intercept(MethodFilterInterceptor.java:98)
	at com.opensymphony.xwork2.DefaultActionInvocation.invoke(DefaultActionInvocation.java:246)
	at com.opensymphony.xwork2.validator.ValidationInterceptor.doIntercept(ValidationInterceptor.java:265)
	at org.apache.struts2.interceptor.validation.AnnotationValidationInterceptor.doIntercept(AnnotationValidationInterceptor.java:68)
	at com.opensymphony.xwork2.interceptor.MethodFilterInterceptor.intercept(MethodFilterInterceptor.java:98)
	at com.opensymphony.xwork2.DefaultActionInvocation.invoke(DefaultActionInvocation.java:246)
	at com.opensymphony.xwork2.interceptor.ConversionErrorInterceptor.intercept(ConversionErrorInterceptor.java:138)
	at com.opensymphony.xwork2.DefaultActionInvocation.invoke(DefaultActionInvocation.java:246)
	at com.opensymphony.xwork2.interceptor.ParametersInterceptor.doIntercept(ParametersInterceptor.java:254)
	at com.opensymphony.xwork2.interceptor.MethodFilterInterceptor.intercept(MethodFilterInterceptor.java:98)
	at com.opensymphony.xwork2.DefaultActionInvocation.invoke(DefaultActionInvocation.java:246)
	at com.opensymphony.xwork2.interceptor.ParametersInterceptor.doIntercept(ParametersInterceptor.java:254)
	at com.opensymphony.xwork2.interceptor.MethodFilterInterceptor.intercept(MethodFilterInterceptor.java:98)
	at com.opensymphony.xwork2.DefaultActionInvocation.invoke(DefaultActionInvocation.java:246)
	at com.opensymphony.xwork2.interceptor.StaticParametersInterceptor.intercept(StaticParametersInterceptor.java:191)
	at com.opensymphony.xwork2.DefaultActionInvocation.invoke(DefaultActionInvocation.java:246)
	at org.apache.struts2.interceptor.MultiselectInterceptor.intercept(MultiselectInterceptor.java:73)
	at com.opensymphony.xwork2.DefaultActionInvocation.invoke(DefaultActionInvocation.java:246)
	at org.apache.struts2.interceptor.CheckboxInterceptor.intercept(CheckboxInterceptor.java:91)
	at com.opensymphony.xwork2.DefaultActionInvocation.invoke(DefaultActionInvocation.java:246)
	at org.apache.struts2.interceptor.FileUploadInterceptor.intercept(FileUploadInterceptor.java:252)
	at com.opensymphony.xwork2.DefaultActionInvocation.invoke(DefaultActionInvocation.java:246)
	at com.opensymphony.xwork2.interceptor.ModelDrivenInterceptor.intercept(ModelDrivenInterceptor.java:100)
	at com.opensymphony.xwork2.DefaultActionInvocation.invoke(DefaultActionInvocation.java:246)
	at com.opensymphony.xwork2.interceptor.ScopedModelDrivenInterceptor.intercept(ScopedModelDrivenInterceptor.java:141)
	at com.opensymphony.xwork2.DefaultActionInvocation.invoke(DefaultActionInvocation.java:246)
	at com.opensymphony.xwork2.interceptor.ChainingInterceptor.intercept(ChainingInterceptor.java:145)
	at com.opensymphony.xwork2.DefaultActionInvocation.invoke(DefaultActionInvocation.java:246)
	at com.opensymphony.xwork2.interceptor.PrepareInterceptor.doIntercept(PrepareInterceptor.java:171)
	at com.opensymphony.xwork2.interceptor.MethodFilterInterceptor.intercept(MethodFilterInterceptor.java:98)
	at com.opensymphony.xwork2.DefaultActionInvocation.invoke(DefaultActionInvocation.java:246)
	at com.opensymphony.xwork2.interceptor.I18nInterceptor.intercept(I18nInterceptor.java:139)
	at com.opensymphony.xwork2.DefaultActionInvocation.invoke(DefaultActionInvocation.java:246)
	at org.apache.struts2.interceptor.ServletConfigInterceptor.intercept(ServletConfigInterceptor.java:164)
	at com.opensymphony.xwork2.DefaultActionInvocation.invoke(DefaultActionInvocation.java:246)
	at com.opensymphony.xwork2.interceptor.AliasInterceptor.intercept(AliasInterceptor.java:193)
	at com.opensymphony.xwork2.DefaultActionInvocation.invoke(DefaultActionInvocation.java:246)
	at com.opensymphony.xwork2.interceptor.ExceptionMappingInterceptor.intercept(ExceptionMappingInterceptor.java:189)
	at com.opensymphony.xwork2.DefaultActionInvocation.invoke(DefaultActionInvocation.java:246)
	at org.apache.struts2.impl.StrutsActionProxy.execute(StrutsActionProxy.java:54)
	at org.apache.struts2.dispatcher.Dispatcher.serviceAction(Dispatcher.java:562)
	at org.apache.struts2.dispatcher.ng.ExecuteOperations.executeAction(ExecuteOperations.java:77)
	at org.apache.struts2.dispatcher.ng.filter.StrutsPrepareAndExecuteFilter.doFilter(StrutsPrepareAndExecuteFilter.java:99)
	at weblogic.servlet.internal.FilterChainImpl.doFilter(FilterChainImpl.java:56)
	at weblogic.servlet.internal.WebAppServletContext$ServletInvocationAction.wrapRun(WebAppServletContext.java:3730)
	at weblogic.servlet.internal.WebAppServletContext$ServletInvocationAction.run(WebAppServletContext.java:3696)
	at weblogic.security.acl.internal.AuthenticatedSubject.doAs(AuthenticatedSubject.java:321)
	at weblogic.security.service.SecurityManager.runAs(SecurityManager.java:120)
	at weblogic.servlet.internal.WebAppServletContext.securedExecute(WebAppServletContext.java:2273)
	at weblogic.servlet.internal.WebAppServletContext.execute(WebAppServletContext.java:2179)
	at weblogic.servlet.internal.ServletRequestImpl.run(ServletRequestImpl.java:1490)
	at weblogic.work.ExecuteThread.execute(ExecuteThread.java:256)
	at weblogic.work.ExecuteThread.run(ExecuteThread.java:221)
[21/07/2015 07:34:31,903] ERROR [dao.imp.BundleImp] [getAllAvailablePPBundles] [] Tiempo:120
[21/07/2015 07:34:36,256] INFO [dao.imp.MenuImp] [consultarPlanResumenPP] [] Servicio: http://esb.entel.cl/CLIENTES/GestionDePerfiles/Proxies/ClientePerfilService
[21/07/2015 07:34:36,257] INFO [dao.imp.MenuImp] [consultarPlanResumenPP] [] para consultar resumen de prepago
[21/07/2015 07:34:36,734] INFO [dao.imp.MenuImp] [consultarPlanResumenPP] [] Tiempo:478
[21/07/2015 07:34:36,734] INFO [dao.imp.MenuImp] [consultarPlanResumenPP] [] PREPAGO MSISDN: [77467726] | NO TIENE saldo reservado
[21/07/2015 07:34:36,735] INFO [dao.imp.MenuImp] [consultarPlanResumenPP] [] Servicio: http://esb.entel.cl/CLIENTES/GestionDePerfiles/Proxies/ClientePerfilService
[21/07/2015 07:34:36,735] INFO [dao.imp.MenuImp] [consultarPlanResumenPP] [] MSISDN: [77467726]
[21/07/2015 07:34:36,735] INFO [dao.imp.MenuImp] [consultarPlanResumenPP] [] Codigo Response Service: 0000
[21/07/2015 07:34:36,735] INFO [dao.imp.MenuImp] [consultarPlanResumenPP] [] Descripcion Response Service: OK
[21/07/2015 07:34:37,170] INFO [dao.imp.MenuImp] [consultarPlanActualPP] [] Tiempo:434
[21/07/2015 07:34:37,171] INFO [dao.imp.MenuImp] [consultarPlanActualPP] [] Servicio: http://esb.entel.cl/CLIENTES/GestionDePerfiles/Proxies/ClientePerfilService
[21/07/2015 07:34:37,171] INFO [dao.imp.MenuImp] [consultarPlanActualPP] [] MSISDN: [77467726]
[21/07/2015 07:34:37,172] INFO [dao.imp.MenuImp] [consultarPlanActualPP] [] Codigo Response Service: 0000
[21/07/2015 07:34:37,172] INFO [dao.imp.MenuImp] [consultarPlanActualPP] [] Descripcion Response Service: OK
[21/07/2015 07:37:22,674] INFO [dao.imp.RegisterImp] [existeRegistro] [] Tiempo:1342
[21/07/2015 07:37:22,675] INFO [dao.imp.RegisterImp] [existeRegistro] [] Servicio: http://esb.entel.cl/CLIENTES/GestionDePerfiles/Proxies/ClientePerfilService
[21/07/2015 07:37:22,676] INFO [dao.imp.RegisterImp] [existeRegistro] [] MSISDN: [77467726]
[21/07/2015 07:37:22,676] INFO [dao.imp.RegisterImp] [existeRegistro] [] Respuesta Codigo Servicio: [0000]
[21/07/2015 07:37:22,676] INFO [dao.imp.RegisterImp] [existeRegistro] [] Respuesta Descripcion Servicio: [OK]
[21/07/2015 07:37:22,679] INFO [dao.imp.LoginImp] [validaLogin] [] Inicio validacion numero movil 77467726
[21/07/2015 07:37:22,901] INFO [dao.imp.LoginImp] [validaLogin] [] Tiempo:222
[21/07/2015 07:37:22,901] INFO [dao.imp.LoginImp] [validaLogin] [] Servicio: http://esb.entel.cl/ERP/GestionDeSeguridad/Proxies/ERPSeguridadService
[21/07/2015 07:37:22,902] INFO [dao.imp.LoginImp] [validaLogin] [] codigoRespuesta 0000
[21/07/2015 07:37:22,902] INFO [dao.imp.LoginImp] [validaLogin] [] descripcionRespuesta 7c2a5448c871397d81dce0b873b06664
[21/07/2015 07:37:22,902] INFO [dao.imp.LoginImp] [validaLogin] [] Verificacion correcta de las credenciales del usuario.
[21/07/2015 07:37:22,903] INFO [dao.imp.LoginImp] [validaLogin] [] Codigo Response Service: 0000
[21/07/2015 07:37:22,904] INFO [dao.imp.LoginImp] [validaLogin] [] Descripcion Response Service: 7c2a5448c871397d81dce0b873b06664
[21/07/2015 07:37:33,054] INFO [dao.imp.RegisterImp] [existeRegistro] [] Tiempo:223
[21/07/2015 07:37:33,056] INFO [dao.imp.RegisterImp] [existeRegistro] [] Servicio: http://esb.entel.cl/CLIENTES/GestionDePerfiles/Proxies/ClientePerfilService
[21/07/2015 07:37:33,057] INFO [dao.imp.RegisterImp] [existeRegistro] [] MSISDN: [77467726]
[21/07/2015 07:37:33,057] INFO [dao.imp.RegisterImp] [existeRegistro] [] Respuesta Codigo Servicio: [0000]
[21/07/2015 07:37:33,058] INFO [dao.imp.RegisterImp] [existeRegistro] [] Respuesta Descripcion Servicio: [OK]
[21/07/2015 07:37:33,058] INFO [dao.imp.LoginImp] [validaLogin] [] Inicio validacion numero movil 77467726
[21/07/2015 07:37:33,282] INFO [dao.imp.LoginImp] [validaLogin] [] Tiempo:224
[21/07/2015 07:37:33,283] INFO [dao.imp.LoginImp] [validaLogin] [] Servicio: http://esb.entel.cl/ERP/GestionDeSeguridad/Proxies/ERPSeguridadService
[21/07/2015 07:37:33,283] INFO [dao.imp.LoginImp] [validaLogin] [] codigoRespuesta 0000
[21/07/2015 07:37:33,283] INFO [dao.imp.LoginImp] [validaLogin] [] descripcionRespuesta ae04a4d143720a07c87c4b3d1841d3bb
[21/07/2015 07:37:33,284] INFO [dao.imp.LoginImp] [validaLogin] [] Verificacion correcta de las credenciales del usuario.
[21/07/2015 07:37:33,284] INFO [dao.imp.LoginImp] [validaLogin] [] Codigo Response Service: 0000
[21/07/2015 07:37:33,284] INFO [dao.imp.LoginImp] [validaLogin] [] Descripcion Response Service: ae04a4d143720a07c87c4b3d1841d3bb
[21/07/2015 07:37:33,618] INFO [dao.imp.MenuImp] [consultarPlanResumenPP] [] Servicio: http://esb.entel.cl/CLIENTES/GestionDePerfiles/Proxies/ClientePerfilService
[21/07/2015 07:37:33,618] INFO [dao.imp.MenuImp] [consultarPlanResumenPP] [] para consultar resumen de prepago
[21/07/2015 07:37:33,930] INFO [dao.imp.MenuImp] [consultarPlanResumenPP] [] Tiempo:312
[21/07/2015 07:37:33,933] INFO [dao.imp.MenuImp] [consultarPlanResumenPP] [] PREPAGO MSISDN: [77467726] | NO TIENE saldo reservado
[21/07/2015 07:37:33,935] INFO [dao.imp.MenuImp] [consultarPlanResumenPP] [] Servicio: http://esb.entel.cl/CLIENTES/GestionDePerfiles/Proxies/ClientePerfilService
[21/07/2015 07:37:33,935] INFO [dao.imp.MenuImp] [consultarPlanResumenPP] [] MSISDN: [77467726]
[21/07/2015 07:37:33,935] INFO [dao.imp.MenuImp] [consultarPlanResumenPP] [] Codigo Response Service: 0000
[21/07/2015 07:37:33,935] INFO [dao.imp.MenuImp] [consultarPlanResumenPP] [] Descripcion Response Service: OK
[21/07/2015 07:37:34,470] INFO [dao.imp.MenuImp] [consultarPlanActualPP] [] Tiempo:534
[21/07/2015 07:37:34,471] INFO [dao.imp.MenuImp] [consultarPlanActualPP] [] Servicio: http://esb.entel.cl/CLIENTES/GestionDePerfiles/Proxies/ClientePerfilService
[21/07/2015 07:37:34,471] INFO [dao.imp.MenuImp] [consultarPlanActualPP] [] MSISDN: [77467726]
[21/07/2015 07:37:34,472] INFO [dao.imp.MenuImp] [consultarPlanActualPP] [] Codigo Response Service: 0000
[21/07/2015 07:37:34,472] INFO [dao.imp.MenuImp] [consultarPlanActualPP] [] Descripcion Response Service: OK
[21/07/2015 07:37:37,515] INFO [dao.imp.BundleImp] [obtenerSaldoBolsasPP] [] Tiempo:229
[21/07/2015 07:37:37,517] INFO [dao.imp.BundleImp] [obtenerSaldoBolsasPP] [] Se formatea descripcion del saldo para mejor entendimiento del usuario de tipo SEG
[21/07/2015 07:37:37,518] INFO [dao.imp.BundleImp] [obtenerSaldoBolsasPP] [] SMS
[21/07/2015 07:37:37,518] INFO [dao.imp.BundleImp] [obtenerSaldoBolsasPP] [] Se formatea descripcion del saldo para mejor entendimiento del usuario de tipo Seg
[21/07/2015 07:37:37,519] INFO [dao.imp.BundleImp] [obtenerSaldoBolsasPP] [] Se formatea descripcion del saldo para mejor entendimiento del usuario de tipo KB
[21/07/2015 07:37:40,104] INFO [dao.imp.BundleImp] [getAllAvailablePPBundles] [] Instanciando el port interface com.epcs.provision.suscripcion.bolsasppmovil.SCOBPortType
[21/07/2015 07:37:40,105] INFO [dao.imp.BundleImp] [getAllAvailablePPBundles] [] Configurando Datos de la peticion
[21/07/2015 07:37:40,105] INFO [dao.imp.BundleImp] [getAllAvailablePPBundles] [] Invocando servicio
[21/07/2015 07:37:40,222] INFO [dao.imp.BundleImp] [getAllAvailablePPBundles] [] Tiempo:175
[21/07/2015 09:34:12,792] INFO [dao.imp.RegisterImp] [existeRegistro] [] Tiempo:1624
[21/07/2015 09:34:12,794] INFO [dao.imp.RegisterImp] [existeRegistro] [] Servicio: http://esb.entel.cl/CLIENTES/GestionDePerfiles/Proxies/ClientePerfilService
[21/07/2015 09:34:12,794] INFO [dao.imp.RegisterImp] [existeRegistro] [] MSISDN: [77467726]
[21/07/2015 09:34:12,795] INFO [dao.imp.RegisterImp] [existeRegistro] [] Respuesta Codigo Servicio: [0000]
[21/07/2015 09:34:12,795] INFO [dao.imp.RegisterImp] [existeRegistro] [] Respuesta Descripcion Servicio: [OK]
[21/07/2015 09:34:12,799] INFO [dao.imp.LoginImp] [validaLogin] [] Inicio validacion numero movil 77467726
[21/07/2015 09:34:12,985] INFO [dao.imp.LoginImp] [validaLogin] [] Tiempo:186
[21/07/2015 09:34:12,985] INFO [dao.imp.LoginImp] [validaLogin] [] Servicio: http://esb.entel.cl/ERP/GestionDeSeguridad/Proxies/ERPSeguridadService
[21/07/2015 09:34:12,985] INFO [dao.imp.LoginImp] [validaLogin] [] codigoRespuesta 0000
[21/07/2015 09:34:12,986] INFO [dao.imp.LoginImp] [validaLogin] [] descripcionRespuesta 6bb11845a43aa43de20c1fe191928c63
[21/07/2015 09:34:12,986] INFO [dao.imp.LoginImp] [validaLogin] [] Verificacion correcta de las credenciales del usuario.
[21/07/2015 09:34:12,986] INFO [dao.imp.LoginImp] [validaLogin] [] Codigo Response Service: 0000
[21/07/2015 09:34:12,986] INFO [dao.imp.LoginImp] [validaLogin] [] Descripcion Response Service: 6bb11845a43aa43de20c1fe191928c63
[21/07/2015 09:34:23,532] INFO [dao.imp.RegisterImp] [existeRegistro] [] Tiempo:176
[21/07/2015 09:34:23,533] INFO [dao.imp.RegisterImp] [existeRegistro] [] Servicio: http://esb.entel.cl/CLIENTES/GestionDePerfiles/Proxies/ClientePerfilService
[21/07/2015 09:34:23,534] INFO [dao.imp.RegisterImp] [existeRegistro] [] MSISDN: [77467726]
[21/07/2015 09:34:23,534] INFO [dao.imp.RegisterImp] [existeRegistro] [] Respuesta Codigo Servicio: [0000]
[21/07/2015 09:34:23,534] INFO [dao.imp.RegisterImp] [existeRegistro] [] Respuesta Descripcion Servicio: [OK]
[21/07/2015 09:34:23,534] INFO [dao.imp.LoginImp] [validaLogin] [] Inicio validacion numero movil 77467726
[21/07/2015 09:34:23,692] INFO [dao.imp.LoginImp] [validaLogin] [] Tiempo:158
[21/07/2015 09:34:23,693] INFO [dao.imp.LoginImp] [validaLogin] [] Servicio: http://esb.entel.cl/ERP/GestionDeSeguridad/Proxies/ERPSeguridadService
[21/07/2015 09:34:23,693] INFO [dao.imp.LoginImp] [validaLogin] [] codigoRespuesta 0000
[21/07/2015 09:34:23,694] INFO [dao.imp.LoginImp] [validaLogin] [] descripcionRespuesta 87e8b9245d4730991f1030b186a782df
[21/07/2015 09:34:23,694] INFO [dao.imp.LoginImp] [validaLogin] [] Verificacion correcta de las credenciales del usuario.
[21/07/2015 09:34:23,694] INFO [dao.imp.LoginImp] [validaLogin] [] Codigo Response Service: 0000
[21/07/2015 09:34:23,695] INFO [dao.imp.LoginImp] [validaLogin] [] Descripcion Response Service: 87e8b9245d4730991f1030b186a782df
[21/07/2015 09:34:24,129] INFO [dao.imp.MenuImp] [consultarPlanResumenPP] [] Servicio: http://esb.entel.cl/CLIENTES/GestionDePerfiles/Proxies/ClientePerfilService
[21/07/2015 09:34:24,129] INFO [dao.imp.MenuImp] [consultarPlanResumenPP] [] para consultar resumen de prepago
[21/07/2015 09:34:24,461] INFO [dao.imp.MenuImp] [consultarPlanResumenPP] [] Tiempo:332
[21/07/2015 09:34:24,463] INFO [dao.imp.MenuImp] [consultarPlanResumenPP] [] PREPAGO MSISDN: [77467726] | NO TIENE saldo reservado
[21/07/2015 09:34:24,464] INFO [dao.imp.MenuImp] [consultarPlanResumenPP] [] Servicio: http://esb.entel.cl/CLIENTES/GestionDePerfiles/Proxies/ClientePerfilService
[21/07/2015 09:34:24,464] INFO [dao.imp.MenuImp] [consultarPlanResumenPP] [] MSISDN: [77467726]
[21/07/2015 09:34:24,465] INFO [dao.imp.MenuImp] [consultarPlanResumenPP] [] Codigo Response Service: 0000
[21/07/2015 09:34:24,465] INFO [dao.imp.MenuImp] [consultarPlanResumenPP] [] Descripcion Response Service: OK
[21/07/2015 09:34:24,636] INFO [dao.imp.MenuImp] [consultarPlanActualPP] [] Tiempo:171
[21/07/2015 09:34:24,638] INFO [dao.imp.MenuImp] [consultarPlanActualPP] [] Servicio: http://esb.entel.cl/CLIENTES/GestionDePerfiles/Proxies/ClientePerfilService
[21/07/2015 09:34:24,638] INFO [dao.imp.MenuImp] [consultarPlanActualPP] [] MSISDN: [77467726]
[21/07/2015 09:34:24,638] INFO [dao.imp.MenuImp] [consultarPlanActualPP] [] Codigo Response Service: 0000
[21/07/2015 09:34:24,638] INFO [dao.imp.MenuImp] [consultarPlanActualPP] [] Descripcion Response Service: OK
[21/07/2015 09:34:29,751] INFO [dao.imp.BundleImp] [obtenerSaldoBolsasPP] [] Tiempo:671
[21/07/2015 09:34:29,754] INFO [dao.imp.BundleImp] [obtenerSaldoBolsasPP] [] Se formatea descripcion del saldo para mejor entendimiento del usuario de tipo SEG
[21/07/2015 09:34:29,755] INFO [dao.imp.BundleImp] [obtenerSaldoBolsasPP] [] SMS
[21/07/2015 09:34:29,756] INFO [dao.imp.BundleImp] [obtenerSaldoBolsasPP] [] Se formatea descripcion del saldo para mejor entendimiento del usuario de tipo Seg
[21/07/2015 09:34:29,756] INFO [dao.imp.BundleImp] [obtenerSaldoBolsasPP] [] Se formatea descripcion del saldo para mejor entendimiento del usuario de tipo KB
[21/07/2015 09:34:33,786] INFO [dao.imp.BundleImp] [getAllAvailablePPBundles] [] Instanciando el port interface com.epcs.provision.suscripcion.bolsasppmovil.SCOBPortType
[21/07/2015 09:34:33,787] INFO [dao.imp.BundleImp] [getAllAvailablePPBundles] [] Configurando Datos de la peticion
[21/07/2015 09:34:39,584] INFO [dao.imp.BundleImp] [getAllAvailablePPBundles] [] Invocando servicio
[21/07/2015 09:34:41,136] INFO [dao.imp.BundleImp] [getAllAvailablePPBundles] [] Tiempo:7479
[21/07/2015 09:41:12,420] INFO [dao.imp.RegisterImp] [existeRegistro] [] Tiempo:343
[21/07/2015 09:41:12,421] INFO [dao.imp.RegisterImp] [existeRegistro] [] Servicio: http://esb.entel.cl/CLIENTES/GestionDePerfiles/Proxies/ClientePerfilService
[21/07/2015 09:41:12,422] INFO [dao.imp.RegisterImp] [existeRegistro] [] MSISDN: [42104073]
[21/07/2015 09:41:12,422] INFO [dao.imp.RegisterImp] [existeRegistro] [] Respuesta Codigo Servicio: [0000]
[21/07/2015 09:41:12,422] INFO [dao.imp.RegisterImp] [existeRegistro] [] Respuesta Descripcion Servicio: [OK]
[21/07/2015 09:41:12,423] INFO [dao.imp.LoginImp] [validaLogin] [] Inicio validacion numero movil 42104073
[21/07/2015 09:41:12,650] INFO [dao.imp.LoginImp] [validaLogin] [] Tiempo:227
[21/07/2015 09:41:12,651] INFO [dao.imp.LoginImp] [validaLogin] [] Servicio: http://esb.entel.cl/ERP/GestionDeSeguridad/Proxies/ERPSeguridadService
[21/07/2015 09:41:12,651] INFO [dao.imp.LoginImp] [validaLogin] [] codigoRespuesta 0000
[21/07/2015 09:41:12,651] INFO [dao.imp.LoginImp] [validaLogin] [] descripcionRespuesta 0cece645da99c9706553f9f4756fbfb9
[21/07/2015 09:41:12,652] INFO [dao.imp.LoginImp] [validaLogin] [] Verificacion correcta de las credenciales del usuario.
[21/07/2015 09:41:12,652] INFO [dao.imp.LoginImp] [validaLogin] [] Codigo Response Service: 0000
[21/07/2015 09:41:12,652] INFO [dao.imp.LoginImp] [validaLogin] [] Descripcion Response Service: 0cece645da99c9706553f9f4756fbfb9
[21/07/2015 09:41:13,224] INFO [dao.imp.TrafficImp] [consultaTrafico] [] Inicio consulta trafico para numero movil 42104073
[21/07/2015 09:41:13,939] INFO [dao.imp.TrafficImp] [consultaTrafico] [] Tiempo:715
[21/07/2015 09:41:13,942] INFO [dao.imp.TrafficImp] [consultaTrafico] [] Fin consultando trafico para numero movil 42104073
[21/07/2015 09:41:13,944] INFO [dao.imp.TrafficImp] [consultaTraficoExcedido] [] Servicio de Planes, Endpoint: http://esb.entel.cl:80/mediation/mediation/consultatrafico/med_n_px_consultarplanesmultimediavistaDExcedidosps
[21/07/2015 09:41:13,944] INFO [dao.imp.TrafficImp] [consultaTraficoExcedido] [] Servicio de planes, Metodo: consultarPlanActual , Input:[ movil: 42104073 ]
[21/07/2015 09:41:29,334] INFO [dao.imp.TrafficImp] [consultaTraficoExcedido] [] Tiempo:15390
[21/07/2015 09:41:34,876] INFO [dao.imp.TrafficImp] [consultaTraficoExcedido] [] Servicio de xmlPlanFull, Endpoint: http://esb.entel.cl/CLIENTES/GestionDePerfiles/Proxies/ClientePerfilService
[21/07/2015 09:41:35,782] INFO [dao.imp.TrafficImp] [consultaTraficoExcedido] [] Servicio de xmlPlanFull, Metodo: consultaXmlPlanesFull , Input:[ codbscs2: 1707 TipoPlan: ]
[21/07/2015 09:41:42,474] INFO [dao.imp.TrafficImp] [consultaTraficoExcedido] [] Tiempo:12319
[21/07/2015 09:41:46,747] INFO [dao.imp.TrafficImp] [consultaTraficoExcedido] [] Servicio de xmlPlanFull Codigo error:0002
[21/07/2015 09:41:48,764] INFO [dao.imp.TrafficImp] [consultaTraficoExcedido] [] Servicio de xmlPlanFull Desc error:Sin Plan Full
[21/07/2015 09:41:55,427] INFO [appmobile.ws.EntelServices] [getMMAutoGestionServicePort] [] Instanciando servicio: http://esbdesa.entel.cl/billing/orderingprod/gestprodmmautogestion/bil_t_px_validarplanmmautogestionps 
[21/07/2015 09:41:57,217] INFO [dao.imp.TrafficImp] [consultarTraficoMMAGExcedido] [] Servicio de Planes, Endpoint: http://esb.entel.cl:80/mediation/mediation/consultatrafico/med_n_px_consultarplanesmultimediavistaDExcedidosps
[21/07/2015 09:41:57,218] INFO [dao.imp.TrafficImp] [consultarTraficoMMAGExcedido] [] Servicio de planes, Metodo: consultarPlanActual , Input:[ movil: 42104073 ]
[21/07/2015 09:42:03,865] INFO [dao.imp.TrafficImp] [consultarTraficoMMAGExcedido] [] Tiempo:6647
[21/07/2015 09:42:06,200] INFO [dao.imp.TrafficImp] [consultarTraficoMMAGExcedido] [] Servicio de xmlPlanFull, Endpoint: http://esb.entel.cl/CLIENTES/GestionDePerfiles/Proxies/ClientePerfilService
[21/07/2015 09:42:08,271] INFO [dao.imp.TrafficImp] [consultarTraficoMMAGExcedido] [] Servicio de xmlPlanFull, Metodo: consultaXmlPlanesFull , Input:[ codbscs2: 1707 TipoPlan: ]
[21/07/2015 09:42:29,905] INFO [dao.imp.TrafficImp] [consultarTraficoMMAGExcedido] [] ### Datos Consumo para MMAutogestion ###
[21/07/2015 09:42:30,273] INFO [dao.imp.TrafficImp] [consultarTraficoMMAGExcedido] [] MSISDN ->42104073<- | CuotaTrafico: 80.0
[21/07/2015 09:42:30,540] INFO [dao.imp.TrafficImp] [consultarTraficoMMAGExcedido] [] MSISDN ->42104073<- | CosumoCap1: 80.0
[21/07/2015 09:42:30,940] INFO [dao.imp.TrafficImp] [consultarTraficoMMAGExcedido] [] MSISDN ->42104073<- | CosumoCap2: 77.08
[21/07/2015 09:42:31,157] INFO [dao.imp.TrafficImp] [consultarTraficoMMAGExcedido] [] MSISDN ->42104073<- | CosumoCap3: 0.08
