[21/07/2015 07:17:13,950] INFO [web.actions.SigninAction] [obtienePerfil] [] Servicio ClientePerfilService responde: 
[21/07/2015 07:17:13,952] INFO [web.actions.SigninAction] [obtienePerfil] [] Response Code: 0000
[21/07/2015 07:17:13,953] INFO [web.actions.SigninAction] [obtienePerfil] [] Response Descripcion: OK
[21/07/2015 07:17:13,953] INFO [web.actions.SigninAction] [obtienePerfil] [] Tiempo:483
[21/07/2015 07:17:13,953] INFO [appmobile.util.DefineTemplate] [defineTemplateNav] [] Se define mapeo template para cliente en sesion con el formato: web_pp_high
[21/07/2015 07:17:13,955] INFO [web.actions.SigninAction] [creaSession] [] Se genera session para usuario [77467726] con id [307157991730568fe6563f7d37db297e]
[21/07/2015 07:17:14,298] INFO [web.actions.SigninAction] [obtienePerfil] [307157991730568fe6563f7d37db297e] Servicio ClientePerfilService responde: 
[21/07/2015 07:17:14,298] INFO [web.actions.SigninAction] [obtienePerfil] [307157991730568fe6563f7d37db297e] Response Code: 0000
[21/07/2015 07:17:14,298] INFO [web.actions.SigninAction] [obtienePerfil] [307157991730568fe6563f7d37db297e] Response Descripcion: OK
[21/07/2015 07:17:14,299] INFO [web.actions.SigninAction] [obtienePerfil] [307157991730568fe6563f7d37db297e] Tiempo:344
[21/07/2015 07:17:14,908] INFO [web.actions.SigninAction] [obtienePerfil] [307157991730568fe6563f7d37db297e] Servicio ClientePerfilService responde: 
[21/07/2015 07:17:14,908] INFO [web.actions.SigninAction] [obtienePerfil] [307157991730568fe6563f7d37db297e] Response Code: 0000
[21/07/2015 07:17:14,908] INFO [web.actions.SigninAction] [obtienePerfil] [307157991730568fe6563f7d37db297e] Response Descripcion: OK
[21/07/2015 07:17:14,908] INFO [web.actions.SigninAction] [obtienePerfil] [307157991730568fe6563f7d37db297e] Tiempo:609
[21/07/2015 07:17:14,909] INFO [appmobile.util.DefineTemplate] [defineTemplateNav] [307157991730568fe6563f7d37db297e] Se define mapeo template para cliente en sesion con el formato: web_pp_high
[21/07/2015 07:17:14,909] INFO [web.actions.SigninAction] [creaSession] [307157991730568fe6563f7d37db297e] Se genera session para usuario [77467726] con id [307157991730568fe6563f7d37db297e]
[21/07/2015 07:17:14,909] INFO [web.actions.LoginAction] [validaUsuario] [307157991730568fe6563f7d37db297e] No es posible obtener variable de session [cliente]
[21/07/2015 07:17:14,910] INFO [web.actions.LoginAction] [validaUsuario] [307157991730568fe6563f7d37db297e] No es posible realizar login con session [cliente]
[21/07/2015 07:17:14,910] INFO [web.actions.LoginAction] [validaUsuario] [307157991730568fe6563f7d37db297e] Se efectua autenticacion con objeto [LoginVO]
[21/07/2015 07:17:14,910] ERROR [web.actions.LoginAction] [validaUsuario] [307157991730568fe6563f7d37db297e] Se ha producido un problema al intentar autenticar usuario null
[21/07/2015 07:17:27,225] INFO [web.actions.SigninAction] [obtienePerfil] [307157991730568fe6563f7d37db297e] Servicio ClientePerfilService responde: 
[21/07/2015 07:17:27,226] INFO [web.actions.SigninAction] [obtienePerfil] [307157991730568fe6563f7d37db297e] Response Code: 0000
[21/07/2015 07:17:27,226] INFO [web.actions.SigninAction] [obtienePerfil] [307157991730568fe6563f7d37db297e] Response Descripcion: OK
[21/07/2015 07:17:27,226] INFO [web.actions.SigninAction] [obtienePerfil] [307157991730568fe6563f7d37db297e] Tiempo:440
[21/07/2015 07:17:27,227] INFO [appmobile.util.DefineTemplate] [defineTemplateNav] [307157991730568fe6563f7d37db297e] Se define mapeo template para cliente en sesion con el formato: web_pp_high
[21/07/2015 07:17:27,227] INFO [web.actions.SigninAction] [creaSession] [307157991730568fe6563f7d37db297e] Se genera session para usuario [77467726] con id [307157991730568fe6563f7d37db297e]
[21/07/2015 07:17:27,227] INFO [web.actions.LoginAction] [validaUsuario] [307157991730568fe6563f7d37db297e] Informacion cliente se logra obtener por variable de session [cliente]
[21/07/2015 07:17:27,228] INFO [web.actions.LoginAction] [validaUsuario] [307157991730568fe6563f7d37db297e] Login correcto msisdn 77467726 mercado PP
[21/07/2015 07:17:28,032] ERROR [web.actions.MenuAction] [detalleResumenPP] [] Problemas al consultar resumen para mercado pp asociada al msisdn [77467726] null
[21/07/2015 07:17:32,661] INFO [web.actions.BundleAction] [ppUserHasBundles] [] MSISDN [77467726] posee bolsas activas
[21/07/2015 07:17:57,011] INFO [web.actions.SigninAction] [obtienePerfil] [] Servicio ClientePerfilService responde: 
[21/07/2015 07:17:57,012] INFO [web.actions.SigninAction] [obtienePerfil] [] Response Code: 0000
[21/07/2015 07:17:57,012] INFO [web.actions.SigninAction] [obtienePerfil] [] Response Descripcion: OK
[21/07/2015 07:17:57,012] INFO [web.actions.SigninAction] [obtienePerfil] [] Tiempo:315
[21/07/2015 07:17:57,248] INFO [web.actions.SigninAction] [obtenerValorTipoBolsa] [] Tiempo:236
[21/07/2015 07:17:57,249] INFO [web.actions.BundleAction] [defineUserBundleType] [] Se establece bolsas para PP Normal
[21/07/2015 07:17:57,687] INFO [web.actions.BundleAction] [getAllAvailableUserPPPBundles] [] Se realiza consulta de bolsas disponibles para msisdn [77467726]
[21/07/2015 07:17:57,688] INFO [web.actions.BundleAction] [setAllAvailableUserPPPBundles] [] Se realiza consulta de bolsas disponibles para msisdn [77467726]
[21/07/2015 07:17:57,688] INFO [web.actions.BundleAction] [loadAvailableUserBundle] [] MSIDN [77467726es cliente PP PLUS
[21/07/2015 07:17:59,725] INFO [web.actions.BundleAction] [loadUserPlusBundle] [] Se realiza consulta para bolsas IM
[21/07/2015 07:17:59,725] INFO [web.actions.BundleAction] [getAllAvailableUserPPPBundles] [] Se realiza consulta de bolsas disponibles para msisdn [77467726]
[21/07/2015 07:17:59,725] INFO [web.actions.BundleAction] [setPlusBundles] [] Consiguien bolsas PLUS disponibles
[21/07/2015 07:17:59,726] INFO [web.actions.BundleAction] [setPlusBundles] [] Finaliza la consulta para bolsas de tipo PLUS
[21/07/2015 07:18:12,993] INFO [web.actions.BundleAction] [loadUserDataBundle] [] Se realiza consulta para bolsas Datos
[21/07/2015 07:18:12,993] INFO [web.actions.BundleAction] [getAllAvailableUserPPPBundles] [] Se realiza consulta de bolsas disponibles para msisdn [77467726]
[21/07/2015 07:18:12,993] INFO [web.actions.BundleAction] [setDataBundles] [] Consiguien bolsas de datos disponibles
[21/07/2015 07:18:12,994] INFO [web.actions.BundleAction] [setDataBundles] [] Finaliza la consulta para bolsas de tipo DATOS
[21/07/2015 07:21:08,785] INFO [appmobile.util.Config] [<clinit>] [] Archivo de configuracion app-properties cargado correctamente
[21/07/2015 07:21:08,790] INFO [appmobile.util.Config] [<clinit>] [] Archivo de configuracion moviles-properties cargado correctamente
[21/07/2015 07:21:09,009] INFO [appmobile.freemarker.MzzoFreemarkerManager] [init] [] Iniciando configuraciones Mzzo Freemarker Manager
[21/07/2015 07:21:09,458] INFO [appmobile.bundle.MessageResourceBundle] [buildProperties] [] Archivo de mensajes globalMessages cargado correctamente
[21/07/2015 07:21:21,911] INFO [web.actions.SigninAction] [obtienePerfil] [] Servicio ClientePerfilService responde: 
[21/07/2015 07:21:21,914] INFO [web.actions.SigninAction] [obtienePerfil] [] Response Code: 0000
[21/07/2015 07:21:21,914] INFO [web.actions.SigninAction] [obtienePerfil] [] Response Descripcion: OK
[21/07/2015 07:21:21,914] INFO [web.actions.SigninAction] [obtienePerfil] [] Tiempo:378
[21/07/2015 07:21:21,914] INFO [appmobile.util.DefineTemplate] [defineTemplateNav] [] Se define mapeo template para cliente en sesion con el formato: web_pp_high
[21/07/2015 07:21:21,920] INFO [web.actions.SigninAction] [creaSession] [] Se genera session para usuario [77467726] con id [6bbdd85d12a0a6d00dd74909e41f566e]
[21/07/2015 07:21:22,283] INFO [web.actions.SigninAction] [obtienePerfil] [6bbdd85d12a0a6d00dd74909e41f566e] Servicio ClientePerfilService responde: 
[21/07/2015 07:21:22,283] INFO [web.actions.SigninAction] [obtienePerfil] [6bbdd85d12a0a6d00dd74909e41f566e] Response Code: 0000
[21/07/2015 07:21:22,284] INFO [web.actions.SigninAction] [obtienePerfil] [6bbdd85d12a0a6d00dd74909e41f566e] Response Descripcion: OK
[21/07/2015 07:21:22,284] INFO [web.actions.SigninAction] [obtienePerfil] [6bbdd85d12a0a6d00dd74909e41f566e] Tiempo:362
[21/07/2015 07:21:22,729] INFO [web.actions.SigninAction] [obtienePerfil] [6bbdd85d12a0a6d00dd74909e41f566e] Servicio ClientePerfilService responde: 
[21/07/2015 07:21:22,730] INFO [web.actions.SigninAction] [obtienePerfil] [6bbdd85d12a0a6d00dd74909e41f566e] Response Code: 0000
[21/07/2015 07:21:22,730] INFO [web.actions.SigninAction] [obtienePerfil] [6bbdd85d12a0a6d00dd74909e41f566e] Response Descripcion: OK
[21/07/2015 07:21:22,730] INFO [web.actions.SigninAction] [obtienePerfil] [6bbdd85d12a0a6d00dd74909e41f566e] Tiempo:446
[21/07/2015 07:21:22,730] INFO [appmobile.util.DefineTemplate] [defineTemplateNav] [6bbdd85d12a0a6d00dd74909e41f566e] Se define mapeo template para cliente en sesion con el formato: web_pp_high
[21/07/2015 07:21:22,731] INFO [web.actions.SigninAction] [creaSession] [6bbdd85d12a0a6d00dd74909e41f566e] Se genera session para usuario [77467726] con id [6bbdd85d12a0a6d00dd74909e41f566e]
[21/07/2015 07:21:22,731] INFO [web.actions.LoginAction] [validaUsuario] [6bbdd85d12a0a6d00dd74909e41f566e] No es posible obtener variable de session [cliente]
[21/07/2015 07:21:22,731] INFO [web.actions.LoginAction] [validaUsuario] [6bbdd85d12a0a6d00dd74909e41f566e] No es posible realizar login con session [cliente]
[21/07/2015 07:21:22,731] INFO [web.actions.LoginAction] [validaUsuario] [6bbdd85d12a0a6d00dd74909e41f566e] Se efectua autenticacion con objeto [LoginVO]
[21/07/2015 07:21:22,743] ERROR [web.actions.LoginAction] [validaUsuario] [6bbdd85d12a0a6d00dd74909e41f566e] Se ha producido un problema al intentar autenticar usuario null
[21/07/2015 07:21:32,799] INFO [web.actions.SigninAction] [obtienePerfil] [] Servicio ClientePerfilService responde: 
[21/07/2015 07:21:32,800] INFO [web.actions.SigninAction] [obtienePerfil] [] Response Code: 0000
[21/07/2015 07:21:32,801] INFO [web.actions.SigninAction] [obtienePerfil] [] Response Descripcion: OK
[21/07/2015 07:21:32,801] INFO [web.actions.SigninAction] [obtienePerfil] [] Tiempo:289
[21/07/2015 07:21:32,801] INFO [appmobile.util.DefineTemplate] [defineTemplateNav] [] Se define mapeo template para cliente en sesion con el formato: web_pp_high
[21/07/2015 07:21:32,802] INFO [web.actions.SigninAction] [creaSession] [] Se genera session para usuario [77467726] con id [6bbdd85d12a0a6d00dd74909e41f566e]
[21/07/2015 07:21:32,802] INFO [web.actions.LoginAction] [validaUsuario] [6bbdd85d12a0a6d00dd74909e41f566e] Informacion cliente se logra obtener por variable de session [cliente]
[21/07/2015 07:21:32,803] INFO [web.actions.LoginAction] [validaUsuario] [6bbdd85d12a0a6d00dd74909e41f566e] Login correcto msisdn 77467726 mercado PP
[21/07/2015 07:21:37,383] INFO [web.actions.BundleAction] [ppUserHasBundles] [] MSISDN [77467726] posee bolsas activas
[21/07/2015 07:21:44,837] INFO [web.actions.SigninAction] [obtienePerfil] [] Servicio ClientePerfilService responde: 
[21/07/2015 07:21:44,838] INFO [web.actions.SigninAction] [obtienePerfil] [] Response Code: 0000
[21/07/2015 07:21:44,839] INFO [web.actions.SigninAction] [obtienePerfil] [] Response Descripcion: OK
[21/07/2015 07:21:44,839] INFO [web.actions.SigninAction] [obtienePerfil] [] Tiempo:381
[21/07/2015 07:21:45,042] INFO [web.actions.SigninAction] [obtenerValorTipoBolsa] [] Tiempo:203
[21/07/2015 07:21:45,043] INFO [web.actions.BundleAction] [defineUserBundleType] [] Se establece bolsas para PP Normal
[21/07/2015 07:21:45,245] INFO [web.actions.BundleAction] [getAllAvailableUserPPPBundles] [] Se realiza consulta de bolsas disponibles para msisdn [77467726]
[21/07/2015 07:21:45,245] INFO [web.actions.BundleAction] [setAllAvailableUserPPPBundles] [] Se realiza consulta de bolsas disponibles para msisdn [77467726]
[21/07/2015 07:21:45,246] INFO [web.actions.BundleAction] [loadAvailableUserBundle] [] MSIDN [77467726es cliente PP PLUS
[21/07/2015 07:21:47,215] INFO [web.actions.BundleAction] [loadUserPlusBundle] [] Se realiza consulta para bolsas IM
[21/07/2015 07:21:47,215] INFO [web.actions.BundleAction] [getAllAvailableUserPPPBundles] [] Se realiza consulta de bolsas disponibles para msisdn [77467726]
[21/07/2015 07:21:47,216] INFO [web.actions.BundleAction] [setPlusBundles] [] Consiguien bolsas PLUS disponibles
[21/07/2015 07:21:47,216] INFO [web.actions.BundleAction] [setPlusBundles] [] Finaliza la consulta para bolsas de tipo PLUS
[21/07/2015 07:34:06,233] INFO [appmobile.util.Config] [<clinit>] [] Archivo de configuracion app-properties cargado correctamente
[21/07/2015 07:34:06,238] INFO [appmobile.util.Config] [<clinit>] [] Archivo de configuracion moviles-properties cargado correctamente
[21/07/2015 07:34:06,360] INFO [appmobile.freemarker.MzzoFreemarkerManager] [init] [] Iniciando configuraciones Mzzo Freemarker Manager
[21/07/2015 07:34:06,774] INFO [appmobile.bundle.MessageResourceBundle] [buildProperties] [] Archivo de mensajes globalMessages cargado correctamente
[21/07/2015 07:34:18,678] INFO [web.actions.SigninAction] [obtienePerfil] [] Servicio ClientePerfilService responde: 
[21/07/2015 07:34:18,679] INFO [web.actions.SigninAction] [obtienePerfil] [] Response Code: 0000
[21/07/2015 07:34:18,680] INFO [web.actions.SigninAction] [obtienePerfil] [] Response Descripcion: OK
[21/07/2015 07:34:18,680] INFO [web.actions.SigninAction] [obtienePerfil] [] Tiempo:353
[21/07/2015 07:34:18,681] INFO [appmobile.util.DefineTemplate] [defineTemplateNav] [] Se define mapeo template para cliente en sesion con el formato: web_pp_high
[21/07/2015 07:34:18,687] INFO [web.actions.SigninAction] [creaSession] [] Se genera session para usuario [77467726] con id [07711c8f56936c9bc5d3aec48f814b75]
[21/07/2015 07:34:18,691] INFO [web.actions.LoginAction] [validaUsuario] [07711c8f56936c9bc5d3aec48f814b75] Informacion cliente se logra obtener por variable de session [cliente]
[21/07/2015 07:34:18,691] INFO [web.actions.LoginAction] [validaUsuario] [07711c8f56936c9bc5d3aec48f814b75] Login correcto msisdn 77467726 mercado PP
[21/07/2015 07:34:23,836] ERROR [appmobile.util.Config] [getAppProperty] [07711c8f56936c9bc5d3aec48f814b75] Key:canal no encontrada
[21/07/2015 07:34:24,102] INFO [web.actions.BundleAction] [ppUserHasBundles] [07711c8f56936c9bc5d3aec48f814b75] MSISDN [77467726] no posee bolsas activas
[21/07/2015 07:34:25,821] INFO [web.actions.SigninAction] [obtienePerfil] [] Servicio ClientePerfilService responde: 
[21/07/2015 07:34:25,822] INFO [web.actions.SigninAction] [obtienePerfil] [] Response Code: 0000
[21/07/2015 07:34:25,823] INFO [web.actions.SigninAction] [obtienePerfil] [] Response Descripcion: OK
[21/07/2015 07:34:25,823] INFO [web.actions.SigninAction] [obtienePerfil] [] Tiempo:314
[21/07/2015 07:34:26,068] INFO [web.actions.SigninAction] [obtenerValorTipoBolsa] [] Tiempo:245
[21/07/2015 07:34:26,068] INFO [web.actions.BundleAction] [defineUserBundleType] [] Se establece bolsas para PP Normal
[21/07/2015 07:34:26,231] ERROR [web.actions.BundleAction] [getAllAvailableUserPPPBundles] [] ServiceException lanzada al realizar transaccion para listar bolsa prepago: java.util.concurrent.ExecutionException: com.esa.ponline.appmobile.exceptions.WSDAOException: com.sun.xml.ws.streaming.XMLStreamReaderException: unexpected XML tag. expected: {http://www.epcs.com/Provision/Suscripcion/bolsasppmovil}listarBolsasResponseDocument but found: {http://www.epcs.com/Provision/Suscripcion/bolsaspp}listarBolsasServiceFaultDocument
[21/07/2015 07:34:26,234] ERROR [web.actions.BundleAction] [setAllAvailableUserPPPBundles] [] Ha ocurrido un problema en BundleAction null
[21/07/2015 07:34:26,235] INFO [web.actions.BundleAction] [loadAvailableUserBundle] [] MSIDN [77467726es cliente PP PLUS
[21/07/2015 07:34:27,606] INFO [web.actions.BundleAction] [loadUserPlusBundle] [] Se realiza consulta para bolsas IM
[21/07/2015 07:34:27,706] ERROR [web.actions.BundleAction] [getAllAvailableUserPPPBundles] [] ServiceException lanzada al realizar transaccion para listar bolsa prepago: java.util.concurrent.ExecutionException: com.esa.ponline.appmobile.exceptions.WSDAOException: com.sun.xml.ws.streaming.XMLStreamReaderException: unexpected XML tag. expected: {http://www.epcs.com/Provision/Suscripcion/bolsasppmovil}listarBolsasResponseDocument but found: {http://www.epcs.com/Provision/Suscripcion/bolsaspp}listarBolsasServiceFaultDocument
[21/07/2015 07:34:27,708] ERROR [web.actions.BundleAction] [loadUserPlusBundle] [] Ha ocurrido un problema en BundleAction null
[21/07/2015 07:34:31,782] INFO [web.actions.BundleAction] [loadUserVoiceBundle] [] Se realiza consulta para bolsas Voz
[21/07/2015 07:34:31,903] ERROR [web.actions.BundleAction] [getAllAvailableUserPPPBundles] [] ServiceException lanzada al realizar transaccion para listar bolsa prepago: java.util.concurrent.ExecutionException: com.esa.ponline.appmobile.exceptions.WSDAOException: com.sun.xml.ws.streaming.XMLStreamReaderException: unexpected XML tag. expected: {http://www.epcs.com/Provision/Suscripcion/bolsasppmovil}listarBolsasResponseDocument but found: {http://www.epcs.com/Provision/Suscripcion/bolsaspp}listarBolsasServiceFaultDocument
[21/07/2015 07:34:31,905] ERROR [web.actions.BundleAction] [loadUserVoiceBundle] [] Ha ocurrido un problema en BundleAction null
[21/07/2015 07:34:40,341] INFO [web.actions.LogoutAction] [logout] [] El usuario [77467726] ha deslogeado y finalizado su session
[21/07/2015 07:37:12,570] INFO [appmobile.util.Config] [<clinit>] [] Archivo de configuracion app-properties cargado correctamente
[21/07/2015 07:37:12,577] INFO [appmobile.util.Config] [<clinit>] [] Archivo de configuracion moviles-properties cargado correctamente
[21/07/2015 07:37:12,686] INFO [appmobile.freemarker.MzzoFreemarkerManager] [init] [] Iniciando configuraciones Mzzo Freemarker Manager
[21/07/2015 07:37:13,097] INFO [appmobile.bundle.MessageResourceBundle] [buildProperties] [] Archivo de mensajes globalMessages cargado correctamente
[21/07/2015 07:37:23,338] INFO [web.actions.SigninAction] [obtienePerfil] [] Servicio ClientePerfilService responde: 
[21/07/2015 07:37:23,340] INFO [web.actions.SigninAction] [obtienePerfil] [] Response Code: 0000
[21/07/2015 07:37:23,341] INFO [web.actions.SigninAction] [obtienePerfil] [] Response Descripcion: OK
[21/07/2015 07:37:23,341] INFO [web.actions.SigninAction] [obtienePerfil] [] Tiempo:434
[21/07/2015 07:37:23,342] INFO [appmobile.util.DefineTemplate] [defineTemplateNav] [] Se define mapeo template para cliente en sesion con el formato: web_pp_high
[21/07/2015 07:37:23,351] INFO [web.actions.SigninAction] [creaSession] [] Se genera session para usuario [77467726] con id [9a1e2846727b6b8ad1cd1226e8c923fb]
[21/07/2015 07:37:23,649] INFO [web.actions.SigninAction] [obtienePerfil] [9a1e2846727b6b8ad1cd1226e8c923fb] Servicio ClientePerfilService responde: 
[21/07/2015 07:37:23,650] INFO [web.actions.SigninAction] [obtienePerfil] [9a1e2846727b6b8ad1cd1226e8c923fb] Response Code: 0000
[21/07/2015 07:37:23,650] INFO [web.actions.SigninAction] [obtienePerfil] [9a1e2846727b6b8ad1cd1226e8c923fb] Response Descripcion: OK
[21/07/2015 07:37:23,650] INFO [web.actions.SigninAction] [obtienePerfil] [9a1e2846727b6b8ad1cd1226e8c923fb] Tiempo:296
[21/07/2015 07:37:23,968] INFO [web.actions.SigninAction] [obtienePerfil] [9a1e2846727b6b8ad1cd1226e8c923fb] Servicio ClientePerfilService responde: 
[21/07/2015 07:37:23,968] INFO [web.actions.SigninAction] [obtienePerfil] [9a1e2846727b6b8ad1cd1226e8c923fb] Response Code: 0000
[21/07/2015 07:37:23,969] INFO [web.actions.SigninAction] [obtienePerfil] [9a1e2846727b6b8ad1cd1226e8c923fb] Response Descripcion: OK
[21/07/2015 07:37:23,969] INFO [web.actions.SigninAction] [obtienePerfil] [9a1e2846727b6b8ad1cd1226e8c923fb] Tiempo:319
[21/07/2015 07:37:23,969] INFO [appmobile.util.DefineTemplate] [defineTemplateNav] [9a1e2846727b6b8ad1cd1226e8c923fb] Se define mapeo template para cliente en sesion con el formato: web_pp_high
[21/07/2015 07:37:23,969] INFO [web.actions.SigninAction] [creaSession] [9a1e2846727b6b8ad1cd1226e8c923fb] Se genera session para usuario [77467726] con id [9a1e2846727b6b8ad1cd1226e8c923fb]
[21/07/2015 07:37:23,970] INFO [web.actions.LoginAction] [validaUsuario] [9a1e2846727b6b8ad1cd1226e8c923fb] No es posible obtener variable de session [cliente]
[21/07/2015 07:37:23,970] INFO [web.actions.LoginAction] [validaUsuario] [9a1e2846727b6b8ad1cd1226e8c923fb] No es posible realizar login con session [cliente]
[21/07/2015 07:37:23,971] INFO [web.actions.LoginAction] [validaUsuario] [9a1e2846727b6b8ad1cd1226e8c923fb] Se efectua autenticacion con objeto [LoginVO]
[21/07/2015 07:37:23,972] ERROR [web.actions.LoginAction] [validaUsuario] [9a1e2846727b6b8ad1cd1226e8c923fb] Se ha producido un problema al intentar autenticar usuario null
[21/07/2015 07:37:33,566] INFO [web.actions.SigninAction] [obtienePerfil] [] Servicio ClientePerfilService responde: 
[21/07/2015 07:37:33,567] INFO [web.actions.SigninAction] [obtienePerfil] [] Response Code: 0000
[21/07/2015 07:37:33,567] INFO [web.actions.SigninAction] [obtienePerfil] [] Response Descripcion: OK
[21/07/2015 07:37:33,567] INFO [web.actions.SigninAction] [obtienePerfil] [] Tiempo:283
[21/07/2015 07:37:33,568] INFO [appmobile.util.DefineTemplate] [defineTemplateNav] [] Se define mapeo template para cliente en sesion con el formato: web_pp_high
[21/07/2015 07:37:33,568] INFO [web.actions.SigninAction] [creaSession] [] Se genera session para usuario [77467726] con id [9a1e2846727b6b8ad1cd1226e8c923fb]
[21/07/2015 07:37:33,568] INFO [web.actions.LoginAction] [validaUsuario] [9a1e2846727b6b8ad1cd1226e8c923fb] Informacion cliente se logra obtener por variable de session [cliente]
[21/07/2015 07:37:33,569] INFO [web.actions.LoginAction] [validaUsuario] [9a1e2846727b6b8ad1cd1226e8c923fb] Login correcto msisdn 77467726 mercado PP
[21/07/2015 07:37:37,519] INFO [web.actions.BundleAction] [ppUserHasBundles] [] MSISDN [77467726] posee bolsas activas
[21/07/2015 07:37:39,838] INFO [web.actions.SigninAction] [obtienePerfil] [] Servicio ClientePerfilService responde: 
[21/07/2015 07:37:39,839] INFO [web.actions.SigninAction] [obtienePerfil] [] Response Code: 0000
[21/07/2015 07:37:39,839] INFO [web.actions.SigninAction] [obtienePerfil] [] Response Descripcion: OK
[21/07/2015 07:37:39,840] INFO [web.actions.SigninAction] [obtienePerfil] [] Tiempo:361
[21/07/2015 07:37:40,046] INFO [web.actions.SigninAction] [obtenerValorTipoBolsa] [] Tiempo:206
[21/07/2015 07:37:40,046] INFO [web.actions.BundleAction] [defineUserBundleType] [] Se establece bolsas para PP Normal
[21/07/2015 07:37:40,224] INFO [web.actions.BundleAction] [getAllAvailableUserPPPBundles] [] Se realiza consulta de bolsas disponibles para msisdn [77467726]
[21/07/2015 07:37:40,224] INFO [web.actions.BundleAction] [setAllAvailableUserPPPBundles] [] Se realiza consulta de bolsas disponibles para msisdn [77467726]
[21/07/2015 07:37:40,224] INFO [web.actions.BundleAction] [loadAvailableUserBundle] [] MSIDN [77467726es cliente PP PLUS
[21/07/2015 07:37:43,335] INFO [web.actions.BundleAction] [loadUserPlusBundle] [] Se realiza consulta para bolsas IM
[21/07/2015 07:37:43,335] INFO [web.actions.BundleAction] [getAllAvailableUserPPPBundles] [] Se realiza consulta de bolsas disponibles para msisdn [77467726]
[21/07/2015 07:37:43,336] INFO [web.actions.BundleAction] [setPlusBundles] [] Consiguien bolsas PLUS disponibles
[21/07/2015 07:37:43,336] INFO [web.actions.BundleAction] [setPlusBundles] [] Finaliza la consulta para bolsas de tipo PLUS
[21/07/2015 07:37:46,234] INFO [web.actions.BundleAction] [loadUserVoiceBundle] [] Se realiza consulta para bolsas Voz
[21/07/2015 07:37:46,235] INFO [web.actions.BundleAction] [getAllAvailableUserPPPBundles] [] Se realiza consulta de bolsas disponibles para msisdn [77467726]
[21/07/2015 07:37:46,235] INFO [web.actions.BundleAction] [setVoiceBundles] [] Consiguien bolsas de voz disponibles
[21/07/2015 07:37:46,235] INFO [web.actions.BundleAction] [setVoiceBundles] [] Finaliza la consulta para bolsas de tipo VOZ
[21/07/2015 07:37:49,005] INFO [web.actions.BundleAction] [loadUserSMSBundle] [] Se realiza consulta para bolsas SMS
[21/07/2015 07:37:49,005] INFO [web.actions.BundleAction] [getAllAvailableUserPPPBundles] [] Se realiza consulta de bolsas disponibles para msisdn [77467726]
[21/07/2015 07:37:49,006] INFO [web.actions.BundleAction] [setSmsBundles] [] Consiguien bolsas de voz disponibles
[21/07/2015 07:37:49,006] INFO [web.actions.BundleAction] [setSmsBundles] [] Finaliza la consulta para bolsas de tipo SMS
[21/07/2015 07:41:22,762] INFO [web.actions.BundleAction] [loadUserSMSBundle] [] Se realiza consulta para bolsas SMS
[21/07/2015 07:41:22,763] INFO [web.actions.BundleAction] [getAllAvailableUserPPPBundles] [] Se realiza consulta de bolsas disponibles para msisdn [77467726]
[21/07/2015 07:41:22,763] INFO [web.actions.BundleAction] [setSmsBundles] [] Consiguien bolsas de voz disponibles
[21/07/2015 07:41:22,764] INFO [web.actions.BundleAction] [setSmsBundles] [] Finaliza la consulta para bolsas de tipo SMS
[21/07/2015 09:33:33,353] INFO [appmobile.util.Config] [<clinit>] [] Archivo de configuracion app-properties cargado correctamente
[21/07/2015 09:33:33,359] INFO [appmobile.util.Config] [<clinit>] [] Archivo de configuracion moviles-properties cargado correctamente
[21/07/2015 09:33:33,472] INFO [appmobile.freemarker.MzzoFreemarkerManager] [init] [] Iniciando configuraciones Mzzo Freemarker Manager
[21/07/2015 09:33:33,890] INFO [appmobile.bundle.MessageResourceBundle] [buildProperties] [] Archivo de mensajes globalMessages cargado correctamente
[21/07/2015 09:34:13,774] INFO [web.actions.SigninAction] [obtienePerfil] [] Servicio ClientePerfilService responde: 
[21/07/2015 09:34:13,775] INFO [web.actions.SigninAction] [obtienePerfil] [] Response Code: 0000
[21/07/2015 09:34:13,776] INFO [web.actions.SigninAction] [obtienePerfil] [] Response Descripcion: OK
[21/07/2015 09:34:13,776] INFO [web.actions.SigninAction] [obtienePerfil] [] Tiempo:788
[21/07/2015 09:34:13,777] INFO [appmobile.util.DefineTemplate] [defineTemplateNav] [] Se define mapeo template para cliente en sesion con el formato: web_pp_high
[21/07/2015 09:34:13,784] INFO [web.actions.SigninAction] [creaSession] [] Se genera session para usuario [77467726] con id [6f93e7f58078e5fad71aabda4f8ec821]
[21/07/2015 09:34:14,033] INFO [web.actions.SigninAction] [obtienePerfil] [6f93e7f58078e5fad71aabda4f8ec821] Servicio ClientePerfilService responde: 
[21/07/2015 09:34:14,033] INFO [web.actions.SigninAction] [obtienePerfil] [6f93e7f58078e5fad71aabda4f8ec821] Response Code: 0000
[21/07/2015 09:34:14,034] INFO [web.actions.SigninAction] [obtienePerfil] [6f93e7f58078e5fad71aabda4f8ec821] Response Descripcion: OK
[21/07/2015 09:34:14,034] INFO [web.actions.SigninAction] [obtienePerfil] [6f93e7f58078e5fad71aabda4f8ec821] Tiempo:248
[21/07/2015 09:34:14,289] INFO [web.actions.SigninAction] [obtienePerfil] [6f93e7f58078e5fad71aabda4f8ec821] Servicio ClientePerfilService responde: 
[21/07/2015 09:34:14,289] INFO [web.actions.SigninAction] [obtienePerfil] [6f93e7f58078e5fad71aabda4f8ec821] Response Code: 0000
[21/07/2015 09:34:14,290] INFO [web.actions.SigninAction] [obtienePerfil] [6f93e7f58078e5fad71aabda4f8ec821] Response Descripcion: OK
[21/07/2015 09:34:14,290] INFO [web.actions.SigninAction] [obtienePerfil] [6f93e7f58078e5fad71aabda4f8ec821] Tiempo:256
[21/07/2015 09:34:14,290] INFO [appmobile.util.DefineTemplate] [defineTemplateNav] [6f93e7f58078e5fad71aabda4f8ec821] Se define mapeo template para cliente en sesion con el formato: web_pp_high
[21/07/2015 09:34:14,290] INFO [web.actions.SigninAction] [creaSession] [6f93e7f58078e5fad71aabda4f8ec821] Se genera session para usuario [77467726] con id [6f93e7f58078e5fad71aabda4f8ec821]
[21/07/2015 09:34:14,291] INFO [web.actions.LoginAction] [validaUsuario] [6f93e7f58078e5fad71aabda4f8ec821] No es posible obtener variable de session [cliente]
[21/07/2015 09:34:14,291] INFO [web.actions.LoginAction] [validaUsuario] [6f93e7f58078e5fad71aabda4f8ec821] No es posible realizar login con session [cliente]
[21/07/2015 09:34:14,291] INFO [web.actions.LoginAction] [validaUsuario] [6f93e7f58078e5fad71aabda4f8ec821] Se efectua autenticacion con objeto [LoginVO]
[21/07/2015 09:34:14,291] ERROR [web.actions.LoginAction] [validaUsuario] [6f93e7f58078e5fad71aabda4f8ec821] Se ha producido un problema al intentar autenticar usuario null
[21/07/2015 09:34:24,058] INFO [web.actions.SigninAction] [obtienePerfil] [] Servicio ClientePerfilService responde: 
[21/07/2015 09:34:24,059] INFO [web.actions.SigninAction] [obtienePerfil] [] Response Code: 0000
[21/07/2015 09:34:24,059] INFO [web.actions.SigninAction] [obtienePerfil] [] Response Descripcion: OK
[21/07/2015 09:34:24,060] INFO [web.actions.SigninAction] [obtienePerfil] [] Tiempo:365
[21/07/2015 09:34:24,060] INFO [appmobile.util.DefineTemplate] [defineTemplateNav] [] Se define mapeo template para cliente en sesion con el formato: web_pp_high
[21/07/2015 09:34:24,060] INFO [web.actions.SigninAction] [creaSession] [] Se genera session para usuario [77467726] con id [6f93e7f58078e5fad71aabda4f8ec821]
[21/07/2015 09:34:24,061] INFO [web.actions.LoginAction] [validaUsuario] [6f93e7f58078e5fad71aabda4f8ec821] Informacion cliente se logra obtener por variable de session [cliente]
[21/07/2015 09:34:24,061] INFO [web.actions.LoginAction] [validaUsuario] [6f93e7f58078e5fad71aabda4f8ec821] Login correcto msisdn 77467726 mercado PP
[21/07/2015 09:34:29,757] INFO [web.actions.BundleAction] [ppUserHasBundles] [] MSISDN [77467726] posee bolsas activas
[21/07/2015 09:34:33,479] INFO [web.actions.SigninAction] [obtienePerfil] [] Servicio ClientePerfilService responde: 
[21/07/2015 09:34:33,480] INFO [web.actions.SigninAction] [obtienePerfil] [] Response Code: 0000
[21/07/2015 09:34:33,480] INFO [web.actions.SigninAction] [obtienePerfil] [] Response Descripcion: OK
[21/07/2015 09:34:33,480] INFO [web.actions.SigninAction] [obtienePerfil] [] Tiempo:414
[21/07/2015 09:34:33,654] INFO [web.actions.SigninAction] [obtenerValorTipoBolsa] [] Tiempo:174
[21/07/2015 09:34:33,655] INFO [web.actions.BundleAction] [defineUserBundleType] [] Se establece bolsas para PP Normal
[21/07/2015 09:34:44,951] INFO [web.actions.BundleAction] [getAllAvailableUserPPPBundles] [] Se realiza consulta de bolsas disponibles para msisdn [77467726]
[21/07/2015 09:34:44,951] INFO [web.actions.BundleAction] [setAllAvailableUserPPPBundles] [] Se realiza consulta de bolsas disponibles para msisdn [77467726]
[21/07/2015 09:34:44,952] INFO [web.actions.BundleAction] [loadAvailableUserBundle] [] MSIDN [77467726es cliente PP PLUS
[21/07/2015 09:34:47,910] INFO [web.actions.BundleAction] [loadUserPlusBundle] [] Se realiza consulta para bolsas IM
[21/07/2015 09:34:47,910] INFO [web.actions.BundleAction] [getAllAvailableUserPPPBundles] [] Se realiza consulta de bolsas disponibles para msisdn [77467726]
[21/07/2015 09:34:47,911] INFO [web.actions.BundleAction] [setPlusBundles] [] Consiguien bolsas PLUS disponibles
[21/07/2015 09:34:47,911] INFO [web.actions.BundleAction] [setPlusBundles] [] Finaliza la consulta para bolsas de tipo PLUS
[21/07/2015 09:34:49,277] INFO [web.actions.BundleAction] [getDetailPlusBundlePP] [] Usuario PP ha seleccionado bolsa
[21/07/2015 09:34:49,277] INFO [web.actions.BundleAction] [getDetailPlusBundlePP] [] CARTASERV0337
[21/07/2015 09:41:13,172] INFO [web.actions.SigninAction] [obtienePerfil] [] Servicio ClientePerfilService responde: 
[21/07/2015 09:41:13,173] INFO [web.actions.SigninAction] [obtienePerfil] [] Response Code: 0000
[21/07/2015 09:41:13,174] INFO [web.actions.SigninAction] [obtienePerfil] [] Response Descripcion: OK
[21/07/2015 09:41:13,175] INFO [web.actions.SigninAction] [obtienePerfil] [] Tiempo:521
[21/07/2015 09:41:13,175] INFO [appmobile.util.DefineTemplate] [defineTemplateNav] [] Se define mapeo template para cliente en sesion con el formato: web_ss_high
[21/07/2015 09:41:13,175] INFO [web.actions.SigninAction] [creaSession] [] Se genera session para usuario [42104073] con id [6f93e7f58078e5fad71aabda4f8ec821]
[21/07/2015 09:41:13,176] INFO [web.actions.LoginAction] [validaUsuario] [6f93e7f58078e5fad71aabda4f8ec821] Informacion cliente se logra obtener por variable de session [cliente]
[21/07/2015 09:41:13,176] INFO [web.actions.LoginAction] [validaUsuario] [6f93e7f58078e5fad71aabda4f8ec821] Login correcto msisdn 42104073 mercado SS
[21/07/2015 09:41:13,214] INFO [web.actions.TrafficAction] [trafico] [] Cantidad de marcas fix zona activas :1
[21/07/2015 09:41:56,277] INFO [web.actions.TrafficAction] [esMMAutogestion] [] MSISDN consultado ->56942104073<- pertenece a MMAutogestion
[21/07/2015 09:42:58,276] INFO [web.actions.TrafficAction] [isExcedido] [] Usuario posee datos Excedidos
